ARM GAS  C:\Users\Darwin\AppData\Local\Temp\ccdfKfRJ.s 			page 1


   1              		.syntax unified
   2              		.cpu cortex-m3
   3              		.fpu softvfp
   4              		.eabi_attribute 20, 1
   5              		.eabi_attribute 21, 1
   6              		.eabi_attribute 23, 3
   7              		.eabi_attribute 24, 1
   8              		.eabi_attribute 25, 1
   9              		.eabi_attribute 26, 1
  10              		.eabi_attribute 30, 1
  11              		.eabi_attribute 34, 1
  12              		.eabi_attribute 18, 4
  13              		.thumb
  14              		.syntax unified
  15              		.file	"cymetadata.c"
  16              		.text
  17              	.Ltext0:
  18              		.cfi_sections	.debug_frame
  19              		.global	cy_metadata
  20              		.global	cy_meta_flashprotect
  21              		.global	cy_meta_wonvl
  22              		.global	cy_meta_custnvl
  23              		.global	cy_meta_configecc
  24              		.section	.cyconfigecc,"a",%progbits
  25              		.align	2
  26              		.type	cy_meta_configecc, %object
  27              		.size	cy_meta_configecc, 1288
  28              	cy_meta_configecc:
  29 0000 01       		.byte	1
  30 0001 4F       		.byte	79
  31 0002 00       		.byte	0
  32 0003 40       		.byte	64
  33 0004 03       		.byte	3
  34 0005 64       		.byte	100
  35 0006 00       		.byte	0
  36 0007 40       		.byte	64
  37 0008 36       		.byte	54
  38 0009 00       		.byte	0
  39 000a 01       		.byte	1
  40 000b 40       		.byte	64
  41 000c 2A       		.byte	42
  42 000d 01       		.byte	1
  43 000e 01       		.byte	1
  44 000f 40       		.byte	64
  45 0010 5D       		.byte	93
  46 0011 02       		.byte	2
  47 0012 01       		.byte	1
  48 0013 40       		.byte	64
  49 0014 3A       		.byte	58
  50 0015 03       		.byte	3
  51 0016 01       		.byte	1
  52 0017 40       		.byte	64
  53 0018 61       		.byte	97
  54 0019 04       		.byte	4
  55 001a 01       		.byte	1
  56 001b 40       		.byte	64
  57 001c 40       		.byte	64
ARM GAS  C:\Users\Darwin\AppData\Local\Temp\ccdfKfRJ.s 			page 2


  58 001d 05       		.byte	5
  59 001e 01       		.byte	1
  60 001f 40       		.byte	64
  61 0020 31       		.byte	49
  62 0021 06       		.byte	6
  63 0022 01       		.byte	1
  64 0023 40       		.byte	64
  65 0024 35       		.byte	53
  66 0025 07       		.byte	7
  67 0026 01       		.byte	1
  68 0027 40       		.byte	64
  69 0028 04       		.byte	4
  70 0029 08       		.byte	8
  71 002a 01       		.byte	1
  72 002b 40       		.byte	64
  73 002c 01       		.byte	1
  74 002d 09       		.byte	9
  75 002e 01       		.byte	1
  76 002f 40       		.byte	64
  77 0030 02       		.byte	2
  78 0031 0D       		.byte	13
  79 0032 01       		.byte	1
  80 0033 40       		.byte	64
  81 0034 01       		.byte	1
  82 0035 0F       		.byte	15
  83 0036 01       		.byte	1
  84 0037 40       		.byte	64
  85 0038 01       		.byte	1
  86 0039 17       		.byte	23
  87 003a 01       		.byte	1
  88 003b 40       		.byte	64
  89 003c 01       		.byte	1
  90 003d 19       		.byte	25
  91 003e 01       		.byte	1
  92 003f 40       		.byte	64
  93 0040 04       		.byte	4
  94 0041 40       		.byte	64
  95 0042 01       		.byte	1
  96 0043 40       		.byte	64
  97 0044 07       		.byte	7
  98 0045 41       		.byte	65
  99 0046 01       		.byte	1
 100 0047 40       		.byte	64
 101 0048 07       		.byte	7
 102 0049 42       		.byte	66
 103 004a 01       		.byte	1
 104 004b 40       		.byte	64
 105 004c 02       		.byte	2
 106 004d 43       		.byte	67
 107 004e 01       		.byte	1
 108 004f 40       		.byte	64
 109 0050 06       		.byte	6
 110 0051 44       		.byte	68
 111 0052 01       		.byte	1
 112 0053 40       		.byte	64
 113 0054 04       		.byte	4
 114 0055 45       		.byte	69
ARM GAS  C:\Users\Darwin\AppData\Local\Temp\ccdfKfRJ.s 			page 3


 115 0056 01       		.byte	1
 116 0057 40       		.byte	64
 117 0058 03       		.byte	3
 118 0059 46       		.byte	70
 119 005a 01       		.byte	1
 120 005b 40       		.byte	64
 121 005c 02       		.byte	2
 122 005d 48       		.byte	72
 123 005e 01       		.byte	1
 124 005f 40       		.byte	64
 125 0060 03       		.byte	3
 126 0061 50       		.byte	80
 127 0062 01       		.byte	1
 128 0063 40       		.byte	64
 129 0064 02       		.byte	2
 130 0065 51       		.byte	81
 131 0066 01       		.byte	1
 132 0067 40       		.byte	64
 133 0068 0A       		.byte	10
 134 0069 1B       		.byte	27
 135 006a 81       		.byte	-127
 136 006b 0F       		.byte	15
 137 006c 83       		.byte	-125
 138 006d 0D       		.byte	13
 139 006e 86       		.byte	-122
 140 006f 6F       		.byte	111
 141 0070 0A       		.byte	10
 142 0071 02       		.byte	2
 143 0072 0C       		.byte	12
 144 0073 04       		.byte	4
 145 0074 1A       		.byte	26
 146 0075 02       		.byte	2
 147 0076 2B       		.byte	43
 148 0077 02       		.byte	2
 149 0078 2D       		.byte	45
 150 0079 01       		.byte	1
 151 007a 2E       		.byte	46
 152 007b 01       		.byte	1
 153 007c 30       		.byte	48
 154 007d 04       		.byte	4
 155 007e 31       		.byte	49
 156 007f 01       		.byte	1
 157 0080 33       		.byte	51
 158 0081 02       		.byte	2
 159 0082 34       		.byte	52
 160 0083 01       		.byte	1
 161 0084 36       		.byte	54
 162 0085 02       		.byte	2
 163 0086 3C       		.byte	60
 164 0087 20       		.byte	32
 165 0088 3E       		.byte	62
 166 0089 01       		.byte	1
 167 008a 3F       		.byte	63
 168 008b 01       		.byte	1
 169 008c 52       		.byte	82
 170 008d 80       		.byte	-128
 171 008e 58       		.byte	88
ARM GAS  C:\Users\Darwin\AppData\Local\Temp\ccdfKfRJ.s 			page 4


 172 008f 04       		.byte	4
 173 0090 59       		.byte	89
 174 0091 04       		.byte	4
 175 0092 5B       		.byte	91
 176 0093 04       		.byte	4
 177 0094 5F       		.byte	95
 178 0095 01       		.byte	1
 179 0096 81       		.byte	-127
 180 0097 01       		.byte	1
 181 0098 84       		.byte	-124
 182 0099 08       		.byte	8
 183 009a 89       		.byte	-119
 184 009b 02       		.byte	2
 185 009c 8A       		.byte	-118
 186 009d 02       		.byte	2
 187 009e 8B       		.byte	-117
 188 009f 04       		.byte	4
 189 00a0 8D       		.byte	-115
 190 00a1 01       		.byte	1
 191 00a2 8E       		.byte	-114
 192 00a3 08       		.byte	8
 193 00a4 93       		.byte	-109
 194 00a5 08       		.byte	8
 195 00a6 95       		.byte	-107
 196 00a7 08       		.byte	8
 197 00a8 96       		.byte	-106
 198 00a9 04       		.byte	4
 199 00aa 99       		.byte	-103
 200 00ab 04       		.byte	4
 201 00ac 9B       		.byte	-101
 202 00ad 02       		.byte	2
 203 00ae 9D       		.byte	-99
 204 00af 02       		.byte	2
 205 00b0 9E       		.byte	-98
 206 00b1 01       		.byte	1
 207 00b2 9F       		.byte	-97
 208 00b3 04       		.byte	4
 209 00b4 A2       		.byte	-94
 210 00b5 08       		.byte	8
 211 00b6 A9       		.byte	-87
 212 00b7 02       		.byte	2
 213 00b8 AB       		.byte	-85
 214 00b9 04       		.byte	4
 215 00ba AD       		.byte	-83
 216 00bb 08       		.byte	8
 217 00bc B0       		.byte	-80
 218 00bd 08       		.byte	8
 219 00be B2       		.byte	-78
 220 00bf 04       		.byte	4
 221 00c0 B3       		.byte	-77
 222 00c1 06       		.byte	6
 223 00c2 B4       		.byte	-76
 224 00c3 01       		.byte	1
 225 00c4 B5       		.byte	-75
 226 00c5 08       		.byte	8
 227 00c6 B6       		.byte	-74
 228 00c7 02       		.byte	2
ARM GAS  C:\Users\Darwin\AppData\Local\Temp\ccdfKfRJ.s 			page 5


 229 00c8 B7       		.byte	-73
 230 00c9 01       		.byte	1
 231 00ca B9       		.byte	-71
 232 00cb 80       		.byte	-128
 233 00cc BB       		.byte	-69
 234 00cd 08       		.byte	8
 235 00ce BE       		.byte	-66
 236 00cf 01       		.byte	1
 237 00d0 BF       		.byte	-65
 238 00d1 10       		.byte	16
 239 00d2 D4       		.byte	-44
 240 00d3 0F       		.byte	15
 241 00d4 D8       		.byte	-40
 242 00d5 04       		.byte	4
 243 00d6 D9       		.byte	-39
 244 00d7 04       		.byte	4
 245 00d8 DB       		.byte	-37
 246 00d9 04       		.byte	4
 247 00da DF       		.byte	-33
 248 00db 01       		.byte	1
 249 00dc 00       		.byte	0
 250 00dd 20       		.byte	32
 251 00de 02       		.byte	2
 252 00df 02       		.byte	2
 253 00e0 04       		.byte	4
 254 00e1 10       		.byte	16
 255 00e2 05       		.byte	5
 256 00e3 84       		.byte	-124
 257 00e4 0A       		.byte	10
 258 00e5 04       		.byte	4
 259 00e6 0F       		.byte	15
 260 00e7 12       		.byte	18
 261 00e8 10       		.byte	16
 262 00e9 02       		.byte	2
 263 00ea 17       		.byte	23
 264 00eb 01       		.byte	1
 265 00ec 18       		.byte	24
 266 00ed 02       		.byte	2
 267 00ee 1A       		.byte	26
 268 00ef 84       		.byte	-124
 269 00f0 1B       		.byte	27
 270 00f1 10       		.byte	16
 271 00f2 1C       		.byte	28
 272 00f3 10       		.byte	16
 273 00f4 1D       		.byte	29
 274 00f5 50       		.byte	80
 275 00f6 1E       		.byte	30
 276 00f7 40       		.byte	64
 277 00f8 1F       		.byte	31
 278 00f9 04       		.byte	4
 279 00fa 21       		.byte	33
 280 00fb 01       		.byte	1
 281 00fc 23       		.byte	35
 282 00fd 10       		.byte	16
 283 00fe 26       		.byte	38
 284 00ff 18       		.byte	24
 285 0100 27       		.byte	39
ARM GAS  C:\Users\Darwin\AppData\Local\Temp\ccdfKfRJ.s 			page 6


 286 0101 11       		.byte	17
 287 0102 28       		.byte	40
 288 0103 0A       		.byte	10
 289 0104 2D       		.byte	45
 290 0105 80       		.byte	-128
 291 0106 2F       		.byte	47
 292 0107 04       		.byte	4
 293 0108 35       		.byte	53
 294 0109 44       		.byte	68
 295 010a 37       		.byte	55
 296 010b 11       		.byte	17
 297 010c 3E       		.byte	62
 298 010d 80       		.byte	-128
 299 010e 3F       		.byte	63
 300 010f 12       		.byte	18
 301 0110 5D       		.byte	93
 302 0111 08       		.byte	8
 303 0112 5E       		.byte	94
 304 0113 60       		.byte	96
 305 0114 5F       		.byte	95
 306 0115 02       		.byte	2
 307 0116 70       		.byte	112
 308 0117 02       		.byte	2
 309 0118 7B       		.byte	123
 310 0119 04       		.byte	4
 311 011a 89       		.byte	-119
 312 011b 01       		.byte	1
 313 011c 8C       		.byte	-116
 314 011d 01       		.byte	1
 315 011e C0       		.byte	-64
 316 011f E3       		.byte	-29
 317 0120 C2       		.byte	-62
 318 0121 A2       		.byte	-94
 319 0122 C4       		.byte	-60
 320 0123 11       		.byte	17
 321 0124 CA       		.byte	-54
 322 0125 3C       		.byte	60
 323 0126 CC       		.byte	-52
 324 0127 F0       		.byte	-16
 325 0128 CE       		.byte	-50
 326 0129 B0       		.byte	-80
 327 012a D6       		.byte	-42
 328 012b F0       		.byte	-16
 329 012c DE       		.byte	-34
 330 012d 04       		.byte	4
 331 012e E2       		.byte	-30
 332 012f 20       		.byte	32
 333 0130 00       		.byte	0
 334 0131 02       		.byte	2
 335 0132 02       		.byte	2
 336 0133 01       		.byte	1
 337 0134 06       		.byte	6
 338 0135 10       		.byte	16
 339 0136 08       		.byte	8
 340 0137 08       		.byte	8
 341 0138 0C       		.byte	12
 342 0139 01       		.byte	1
ARM GAS  C:\Users\Darwin\AppData\Local\Temp\ccdfKfRJ.s 			page 7


 343 013a 0E       		.byte	14
 344 013b 02       		.byte	2
 345 013c 0F       		.byte	15
 346 013d 02       		.byte	2
 347 013e 1A       		.byte	26
 348 013f 04       		.byte	4
 349 0140 1E       		.byte	30
 350 0141 08       		.byte	8
 351 0142 1F       		.byte	31
 352 0143 01       		.byte	1
 353 0144 24       		.byte	36
 354 0145 01       		.byte	1
 355 0146 26       		.byte	38
 356 0147 02       		.byte	2
 357 0148 2C       		.byte	44
 358 0149 01       		.byte	1
 359 014a 2E       		.byte	46
 360 014b 02       		.byte	2
 361 014c 30       		.byte	48
 362 014d 10       		.byte	16
 363 014e 31       		.byte	49
 364 014f 02       		.byte	2
 365 0150 32       		.byte	50
 366 0151 04       		.byte	4
 367 0152 34       		.byte	52
 368 0153 08       		.byte	8
 369 0154 35       		.byte	53
 370 0155 01       		.byte	1
 371 0156 36       		.byte	54
 372 0157 03       		.byte	3
 373 0158 3A       		.byte	58
 374 0159 80       		.byte	-128
 375 015a 3E       		.byte	62
 376 015b 10       		.byte	16
 377 015c 40       		.byte	64
 378 015d 61       		.byte	97
 379 015e 41       		.byte	65
 380 015f 02       		.byte	2
 381 0160 49       		.byte	73
 382 0161 FF       		.byte	-1
 383 0162 4A       		.byte	74
 384 0163 FF       		.byte	-1
 385 0164 4B       		.byte	75
 386 0165 FF       		.byte	-1
 387 0166 4D       		.byte	77
 388 0167 A0       		.byte	-96
 389 0168 4F       		.byte	79
 390 0169 04       		.byte	4
 391 016a 50       		.byte	80
 392 016b 18       		.byte	24
 393 016c 58       		.byte	88
 394 016d 04       		.byte	4
 395 016e 59       		.byte	89
 396 016f 04       		.byte	4
 397 0170 5A       		.byte	90
 398 0171 04       		.byte	4
 399 0172 5F       		.byte	95
ARM GAS  C:\Users\Darwin\AppData\Local\Temp\ccdfKfRJ.s 			page 8


 400 0173 01       		.byte	1
 401 0174 60       		.byte	96
 402 0175 40       		.byte	64
 403 0176 62       		.byte	98
 404 0177 C0       		.byte	-64
 405 0178 64       		.byte	100
 406 0179 40       		.byte	64
 407 017a 65       		.byte	101
 408 017b 40       		.byte	64
 409 017c 66       		.byte	102
 410 017d C0       		.byte	-64
 411 017e 68       		.byte	104
 412 017f C0       		.byte	-64
 413 0180 6A       		.byte	106
 414 0181 C0       		.byte	-64
 415 0182 6C       		.byte	108
 416 0183 C0       		.byte	-64
 417 0184 6E       		.byte	110
 418 0185 C0       		.byte	-64
 419 0186 83       		.byte	-125
 420 0187 0F       		.byte	15
 421 0188 85       		.byte	-123
 422 0189 9E       		.byte	-98
 423 018a 87       		.byte	-121
 424 018b 60       		.byte	96
 425 018c 89       		.byte	-119
 426 018d FD       		.byte	-3
 427 018e 8B       		.byte	-117
 428 018f 02       		.byte	2
 429 0190 8D       		.byte	-115
 430 0191 CF       		.byte	-49
 431 0192 8F       		.byte	-113
 432 0193 30       		.byte	48
 433 0194 90       		.byte	-112
 434 0195 04       		.byte	4
 435 0196 95       		.byte	-107
 436 0197 94       		.byte	-108
 437 0198 97       		.byte	-105
 438 0199 60       		.byte	96
 439 019a 9A       		.byte	-102
 440 019b 01       		.byte	1
 441 019c 9D       		.byte	-99
 442 019d 30       		.byte	48
 443 019e 9F       		.byte	-97
 444 019f C9       		.byte	-55
 445 01a0 A5       		.byte	-91
 446 01a1 73       		.byte	115
 447 01a2 A6       		.byte	-90
 448 01a3 06       		.byte	6
 449 01a4 AA       		.byte	-86
 450 01a5 01       		.byte	1
 451 01a6 B0       		.byte	-80
 452 01a7 02       		.byte	2
 453 01a8 B1       		.byte	-79
 454 01a9 FF       		.byte	-1
 455 01aa B4       		.byte	-76
 456 01ab 01       		.byte	1
ARM GAS  C:\Users\Darwin\AppData\Local\Temp\ccdfKfRJ.s 			page 9


 457 01ac B6       		.byte	-74
 458 01ad 04       		.byte	4
 459 01ae BC       		.byte	-68
 460 01af 80       		.byte	-128
 461 01b0 BE       		.byte	-66
 462 01b1 10       		.byte	16
 463 01b2 BF       		.byte	-65
 464 01b3 01       		.byte	1
 465 01b4 C0       		.byte	-64
 466 01b5 21       		.byte	33
 467 01b6 C1       		.byte	-63
 468 01b7 06       		.byte	6
 469 01b8 C5       		.byte	-59
 470 01b9 D1       		.byte	-47
 471 01ba C7       		.byte	-57
 472 01bb 02       		.byte	2
 473 01bc C8       		.byte	-56
 474 01bd 13       		.byte	19
 475 01be C9       		.byte	-55
 476 01bf FF       		.byte	-1
 477 01c0 CA       		.byte	-54
 478 01c1 FF       		.byte	-1
 479 01c2 CB       		.byte	-53
 480 01c3 FF       		.byte	-1
 481 01c4 CD       		.byte	-51
 482 01c5 AF       		.byte	-81
 483 01c6 CE       		.byte	-50
 484 01c7 0F       		.byte	15
 485 01c8 CF       		.byte	-49
 486 01c9 04       		.byte	4
 487 01ca D0       		.byte	-48
 488 01cb 18       		.byte	24
 489 01cc D4       		.byte	-44
 490 01cd 05       		.byte	5
 491 01ce D8       		.byte	-40
 492 01cf 04       		.byte	4
 493 01d0 D9       		.byte	-39
 494 01d1 04       		.byte	4
 495 01d2 DA       		.byte	-38
 496 01d3 04       		.byte	4
 497 01d4 DB       		.byte	-37
 498 01d5 04       		.byte	4
 499 01d6 DF       		.byte	-33
 500 01d7 05       		.byte	5
 501 01d8 E0       		.byte	-32
 502 01d9 40       		.byte	64
 503 01da E2       		.byte	-30
 504 01db C0       		.byte	-64
 505 01dc E4       		.byte	-28
 506 01dd 40       		.byte	64
 507 01de E5       		.byte	-27
 508 01df 40       		.byte	64
 509 01e0 E6       		.byte	-26
 510 01e1 C0       		.byte	-64
 511 01e2 E8       		.byte	-24
 512 01e3 C0       		.byte	-64
 513 01e4 EA       		.byte	-22
ARM GAS  C:\Users\Darwin\AppData\Local\Temp\ccdfKfRJ.s 			page 10


 514 01e5 C0       		.byte	-64
 515 01e6 EC       		.byte	-20
 516 01e7 C0       		.byte	-64
 517 01e8 EE       		.byte	-18
 518 01e9 C0       		.byte	-64
 519 01ea 04       		.byte	4
 520 01eb 49       		.byte	73
 521 01ec 05       		.byte	5
 522 01ed 10       		.byte	16
 523 01ee 0A       		.byte	10
 524 01ef 44       		.byte	68
 525 01f0 0C       		.byte	12
 526 01f1 20       		.byte	32
 527 01f2 0F       		.byte	15
 528 01f3 02       		.byte	2
 529 01f4 12       		.byte	18
 530 01f5 24       		.byte	36
 531 01f6 17       		.byte	23
 532 01f7 44       		.byte	68
 533 01f8 19       		.byte	25
 534 01f9 40       		.byte	64
 535 01fa 1A       		.byte	26
 536 01fb 48       		.byte	72
 537 01fc 1C       		.byte	28
 538 01fd 41       		.byte	65
 539 01fe 1D       		.byte	29
 540 01ff 04       		.byte	4
 541 0200 1E       		.byte	30
 542 0201 08       		.byte	8
 543 0202 1F       		.byte	31
 544 0203 C0       		.byte	-64
 545 0204 20       		.byte	32
 546 0205 80       		.byte	-128
 547 0206 27       		.byte	39
 548 0207 44       		.byte	68
 549 0208 29       		.byte	41
 550 0209 08       		.byte	8
 551 020a 2B       		.byte	43
 552 020b 20       		.byte	32
 553 020c 32       		.byte	50
 554 020d 08       		.byte	8
 555 020e 33       		.byte	51
 556 020f 80       		.byte	-128
 557 0210 37       		.byte	55
 558 0211 40       		.byte	64
 559 0212 38       		.byte	56
 560 0213 22       		.byte	34
 561 0214 39       		.byte	57
 562 0215 88       		.byte	-120
 563 0216 3C       		.byte	60
 564 0217 40       		.byte	64
 565 0218 42       		.byte	66
 566 0219 06       		.byte	6
 567 021a 46       		.byte	70
 568 021b 06       		.byte	6
 569 021c 48       		.byte	72
 570 021d 18       		.byte	24
ARM GAS  C:\Users\Darwin\AppData\Local\Temp\ccdfKfRJ.s 			page 11


 571 021e 49       		.byte	73
 572 021f 02       		.byte	2
 573 0220 4A       		.byte	74
 574 0221 20       		.byte	32
 575 0222 4F       		.byte	79
 576 0223 20       		.byte	32
 577 0224 50       		.byte	80
 578 0225 08       		.byte	8
 579 0226 52       		.byte	82
 580 0227 04       		.byte	4
 581 0228 59       		.byte	89
 582 0229 42       		.byte	66
 583 022a 5A       		.byte	90
 584 022b 08       		.byte	8
 585 022c 7B       		.byte	123
 586 022d 04       		.byte	4
 587 022e 8A       		.byte	-118
 588 022f 02       		.byte	2
 589 0230 92       		.byte	-110
 590 0231 04       		.byte	4
 591 0232 99       		.byte	-103
 592 0233 10       		.byte	16
 593 0234 9C       		.byte	-100
 594 0235 08       		.byte	8
 595 0236 9D       		.byte	-99
 596 0237 8C       		.byte	-116
 597 0238 9E       		.byte	-98
 598 0239 80       		.byte	-128
 599 023a 9F       		.byte	-97
 600 023b 02       		.byte	2
 601 023c A2       		.byte	-94
 602 023d 08       		.byte	8
 603 023e A3       		.byte	-93
 604 023f 10       		.byte	16
 605 0240 A4       		.byte	-92
 606 0241 10       		.byte	16
 607 0242 A6       		.byte	-90
 608 0243 02       		.byte	2
 609 0244 A7       		.byte	-89
 610 0245 05       		.byte	5
 611 0246 AA       		.byte	-86
 612 0247 40       		.byte	64
 613 0248 B4       		.byte	-76
 614 0249 02       		.byte	2
 615 024a C0       		.byte	-64
 616 024b F0       		.byte	-16
 617 024c C2       		.byte	-62
 618 024d CA       		.byte	-54
 619 024e C4       		.byte	-60
 620 024f A6       		.byte	-90
 621 0250 CA       		.byte	-54
 622 0251 02       		.byte	2
 623 0252 CC       		.byte	-52
 624 0253 1A       		.byte	26
 625 0254 CE       		.byte	-50
 626 0255 1F       		.byte	31
 627 0256 D0       		.byte	-48
ARM GAS  C:\Users\Darwin\AppData\Local\Temp\ccdfKfRJ.s 			page 12


 628 0257 3C       		.byte	60
 629 0258 D2       		.byte	-46
 630 0259 24       		.byte	36
 631 025a D6       		.byte	-42
 632 025b 0B       		.byte	11
 633 025c DE       		.byte	-34
 634 025d 04       		.byte	4
 635 025e 02       		.byte	2
 636 025f 07       		.byte	7
 637 0260 05       		.byte	5
 638 0261 0C       		.byte	12
 639 0262 07       		.byte	7
 640 0263 01       		.byte	1
 641 0264 08       		.byte	8
 642 0265 01       		.byte	1
 643 0266 09       		.byte	9
 644 0267 0B       		.byte	11
 645 0268 0A       		.byte	10
 646 0269 02       		.byte	2
 647 026a 0B       		.byte	11
 648 026b 04       		.byte	4
 649 026c 0D       		.byte	13
 650 026d 08       		.byte	8
 651 026e 0E       		.byte	14
 652 026f 08       		.byte	8
 653 0270 0F       		.byte	15
 654 0271 01       		.byte	1
 655 0272 10       		.byte	16
 656 0273 04       		.byte	4
 657 0274 17       		.byte	23
 658 0275 0F       		.byte	15
 659 0276 18       		.byte	24
 660 0277 37       		.byte	55
 661 0278 1D       		.byte	29
 662 0279 0C       		.byte	12
 663 027a 1F       		.byte	31
 664 027b 02       		.byte	2
 665 027c 20       		.byte	32
 666 027d 60       		.byte	96
 667 027e 22       		.byte	34
 668 027f 04       		.byte	4
 669 0280 24       		.byte	36
 670 0281 57       		.byte	87
 671 0282 25       		.byte	37
 672 0283 07       		.byte	7
 673 0284 28       		.byte	40
 674 0285 61       		.byte	97
 675 0286 2A       		.byte	42
 676 0287 02       		.byte	2
 677 0288 34       		.byte	52
 678 0289 70       		.byte	112
 679 028a 36       		.byte	54
 680 028b 0F       		.byte	15
 681 028c 37       		.byte	55
 682 028d 0F       		.byte	15
 683 028e 38       		.byte	56
 684 028f 20       		.byte	32
ARM GAS  C:\Users\Darwin\AppData\Local\Temp\ccdfKfRJ.s 			page 13


 685 0290 40       		.byte	64
 686 0291 24       		.byte	36
 687 0292 41       		.byte	65
 688 0293 05       		.byte	5
 689 0294 49       		.byte	73
 690 0295 FF       		.byte	-1
 691 0296 4A       		.byte	74
 692 0297 FF       		.byte	-1
 693 0298 4B       		.byte	75
 694 0299 FF       		.byte	-1
 695 029a 4D       		.byte	77
 696 029b A0       		.byte	-96
 697 029c 4F       		.byte	79
 698 029d 01       		.byte	1
 699 029e 50       		.byte	80
 700 029f 18       		.byte	24
 701 02a0 58       		.byte	88
 702 02a1 04       		.byte	4
 703 02a2 59       		.byte	89
 704 02a3 04       		.byte	4
 705 02a4 5A       		.byte	90
 706 02a5 04       		.byte	4
 707 02a6 5F       		.byte	95
 708 02a7 01       		.byte	1
 709 02a8 60       		.byte	96
 710 02a9 40       		.byte	64
 711 02aa 62       		.byte	98
 712 02ab 80       		.byte	-128
 713 02ac 64       		.byte	100
 714 02ad 40       		.byte	64
 715 02ae 65       		.byte	101
 716 02af 40       		.byte	64
 717 02b0 66       		.byte	102
 718 02b1 80       		.byte	-128
 719 02b2 68       		.byte	104
 720 02b3 40       		.byte	64
 721 02b4 6A       		.byte	106
 722 02b5 80       		.byte	-128
 723 02b6 6C       		.byte	108
 724 02b7 40       		.byte	64
 725 02b8 6D       		.byte	109
 726 02b9 20       		.byte	32
 727 02ba 6E       		.byte	110
 728 02bb 80       		.byte	-128
 729 02bc 81       		.byte	-127
 730 02bd 01       		.byte	1
 731 02be 84       		.byte	-124
 732 02bf 01       		.byte	1
 733 02c0 8D       		.byte	-115
 734 02c1 01       		.byte	1
 735 02c2 8F       		.byte	-113
 736 02c3 02       		.byte	2
 737 02c4 91       		.byte	-111
 738 02c5 3C       		.byte	60
 739 02c6 95       		.byte	-107
 740 02c7 0C       		.byte	12
 741 02c8 96       		.byte	-106
ARM GAS  C:\Users\Darwin\AppData\Local\Temp\ccdfKfRJ.s 			page 14


 742 02c9 01       		.byte	1
 743 02ca 97       		.byte	-105
 744 02cb 30       		.byte	48
 745 02cc 99       		.byte	-103
 746 02cd 28       		.byte	40
 747 02ce 9B       		.byte	-101
 748 02cf 14       		.byte	20
 749 02d0 9D       		.byte	-99
 750 02d1 30       		.byte	48
 751 02d2 9F       		.byte	-97
 752 02d3 0C       		.byte	12
 753 02d4 A1       		.byte	-95
 754 02d5 14       		.byte	20
 755 02d6 A3       		.byte	-93
 756 02d7 28       		.byte	40
 757 02d8 A5       		.byte	-91
 758 02d9 1D       		.byte	29
 759 02da B0       		.byte	-80
 760 02db 01       		.byte	1
 761 02dc B1       		.byte	-79
 762 02dd 01       		.byte	1
 763 02de B3       		.byte	-77
 764 02df 3C       		.byte	60
 765 02e0 B5       		.byte	-75
 766 02e1 02       		.byte	2
 767 02e2 B7       		.byte	-73
 768 02e3 3C       		.byte	60
 769 02e4 B9       		.byte	-71
 770 02e5 02       		.byte	2
 771 02e6 BE       		.byte	-66
 772 02e7 01       		.byte	1
 773 02e8 BF       		.byte	-65
 774 02e9 01       		.byte	1
 775 02ea C0       		.byte	-64
 776 02eb 24       		.byte	36
 777 02ec C1       		.byte	-63
 778 02ed 05       		.byte	5
 779 02ee C5       		.byte	-59
 780 02ef 3C       		.byte	60
 781 02f0 C6       		.byte	-58
 782 02f1 42       		.byte	66
 783 02f2 C7       		.byte	-57
 784 02f3 0E       		.byte	14
 785 02f4 C8       		.byte	-56
 786 02f5 1F       		.byte	31
 787 02f6 C9       		.byte	-55
 788 02f7 FF       		.byte	-1
 789 02f8 CA       		.byte	-54
 790 02f9 FF       		.byte	-1
 791 02fa CB       		.byte	-53
 792 02fb FF       		.byte	-1
 793 02fc CD       		.byte	-51
 794 02fd AF       		.byte	-81
 795 02fe CE       		.byte	-50
 796 02ff 07       		.byte	7
 797 0300 CF       		.byte	-49
 798 0301 01       		.byte	1
ARM GAS  C:\Users\Darwin\AppData\Local\Temp\ccdfKfRJ.s 			page 15


 799 0302 D0       		.byte	-48
 800 0303 18       		.byte	24
 801 0304 D8       		.byte	-40
 802 0305 04       		.byte	4
 803 0306 D9       		.byte	-39
 804 0307 04       		.byte	4
 805 0308 DA       		.byte	-38
 806 0309 04       		.byte	4
 807 030a DF       		.byte	-33
 808 030b 01       		.byte	1
 809 030c E0       		.byte	-32
 810 030d 40       		.byte	64
 811 030e E2       		.byte	-30
 812 030f 80       		.byte	-128
 813 0310 E4       		.byte	-28
 814 0311 40       		.byte	64
 815 0312 E5       		.byte	-27
 816 0313 40       		.byte	64
 817 0314 E6       		.byte	-26
 818 0315 80       		.byte	-128
 819 0316 E8       		.byte	-24
 820 0317 40       		.byte	64
 821 0318 EA       		.byte	-22
 822 0319 80       		.byte	-128
 823 031a EC       		.byte	-20
 824 031b 40       		.byte	64
 825 031c ED       		.byte	-19
 826 031d 20       		.byte	32
 827 031e EE       		.byte	-18
 828 031f 80       		.byte	-128
 829 0320 00       		.byte	0
 830 0321 80       		.byte	-128
 831 0322 02       		.byte	2
 832 0323 08       		.byte	8
 833 0324 03       		.byte	3
 834 0325 80       		.byte	-128
 835 0326 05       		.byte	5
 836 0327 04       		.byte	4
 837 0328 0A       		.byte	10
 838 0329 04       		.byte	4
 839 032a 0B       		.byte	11
 840 032b 80       		.byte	-128
 841 032c 0F       		.byte	15
 842 032d 20       		.byte	32
 843 032e 11       		.byte	17
 844 032f 08       		.byte	8
 845 0330 12       		.byte	18
 846 0331 80       		.byte	-128
 847 0332 13       		.byte	19
 848 0333 20       		.byte	32
 849 0334 18       		.byte	24
 850 0335 02       		.byte	2
 851 0336 19       		.byte	25
 852 0337 C0       		.byte	-64
 853 0338 1A       		.byte	26
 854 0339 04       		.byte	4
 855 033a 1B       		.byte	27
ARM GAS  C:\Users\Darwin\AppData\Local\Temp\ccdfKfRJ.s 			page 16


 856 033b A0       		.byte	-96
 857 033c 1E       		.byte	30
 858 033d 40       		.byte	64
 859 033e 21       		.byte	33
 860 033f 40       		.byte	64
 861 0340 22       		.byte	34
 862 0341 80       		.byte	-128
 863 0342 24       		.byte	36
 864 0343 60       		.byte	96
 865 0344 25       		.byte	37
 866 0345 05       		.byte	5
 867 0346 27       		.byte	39
 868 0347 0A       		.byte	10
 869 0348 2B       		.byte	43
 870 0349 20       		.byte	32
 871 034a 2F       		.byte	47
 872 034b 60       		.byte	96
 873 034c 32       		.byte	50
 874 034d 88       		.byte	-120
 875 034e 36       		.byte	54
 876 034f 88       		.byte	-120
 877 0350 37       		.byte	55
 878 0351 22       		.byte	34
 879 0352 38       		.byte	56
 880 0353 20       		.byte	32
 881 0354 39       		.byte	57
 882 0355 08       		.byte	8
 883 0356 3B       		.byte	59
 884 0357 80       		.byte	-128
 885 0358 3F       		.byte	63
 886 0359 82       		.byte	-126
 887 035a 40       		.byte	64
 888 035b 40       		.byte	64
 889 035c 41       		.byte	65
 890 035d 20       		.byte	32
 891 035e 45       		.byte	69
 892 035f 21       		.byte	33
 893 0360 49       		.byte	73
 894 0361 40       		.byte	64
 895 0362 4D       		.byte	77
 896 0363 80       		.byte	-128
 897 0364 4F       		.byte	79
 898 0365 06       		.byte	6
 899 0366 54       		.byte	84
 900 0367 A0       		.byte	-96
 901 0368 56       		.byte	86
 902 0369 84       		.byte	-124
 903 036a 57       		.byte	87
 904 036b 50       		.byte	80
 905 036c 84       		.byte	-124
 906 036d 80       		.byte	-128
 907 036e 87       		.byte	-121
 908 036f 10       		.byte	16
 909 0370 93       		.byte	-109
 910 0371 80       		.byte	-128
 911 0372 94       		.byte	-108
 912 0373 22       		.byte	34
ARM GAS  C:\Users\Darwin\AppData\Local\Temp\ccdfKfRJ.s 			page 17


 913 0374 95       		.byte	-107
 914 0375 88       		.byte	-120
 915 0376 99       		.byte	-103
 916 0377 04       		.byte	4
 917 0378 9D       		.byte	-99
 918 0379 80       		.byte	-128
 919 037a 9E       		.byte	-98
 920 037b 80       		.byte	-128
 921 037c 9F       		.byte	-97
 922 037d 02       		.byte	2
 923 037e A0       		.byte	-96
 924 037f 40       		.byte	64
 925 0380 A2       		.byte	-94
 926 0381 0C       		.byte	12
 927 0382 A4       		.byte	-92
 928 0383 20       		.byte	32
 929 0384 A7       		.byte	-89
 930 0385 21       		.byte	33
 931 0386 AC       		.byte	-84
 932 0387 08       		.byte	8
 933 0388 B4       		.byte	-76
 934 0389 04       		.byte	4
 935 038a B6       		.byte	-74
 936 038b 02       		.byte	2
 937 038c B7       		.byte	-73
 938 038d 04       		.byte	4
 939 038e C0       		.byte	-64
 940 038f 2B       		.byte	43
 941 0390 C2       		.byte	-62
 942 0391 2A       		.byte	42
 943 0392 C4       		.byte	-60
 944 0393 0E       		.byte	14
 945 0394 CA       		.byte	-54
 946 0395 C2       		.byte	-62
 947 0396 CC       		.byte	-52
 948 0397 FA       		.byte	-6
 949 0398 CE       		.byte	-50
 950 0399 9E       		.byte	-98
 951 039a D0       		.byte	-48
 952 039b A5       		.byte	-91
 953 039c D2       		.byte	-46
 954 039d 18       		.byte	24
 955 039e E8       		.byte	-24
 956 039f 50       		.byte	80
 957 03a0 00       		.byte	0
 958 03a1 01       		.byte	1
 959 03a2 05       		.byte	5
 960 03a3 FE       		.byte	-2
 961 03a4 06       		.byte	6
 962 03a5 08       		.byte	8
 963 03a6 07       		.byte	7
 964 03a7 01       		.byte	1
 965 03a8 08       		.byte	8
 966 03a9 04       		.byte	4
 967 03aa 0C       		.byte	12
 968 03ab 04       		.byte	4
 969 03ac 12       		.byte	18
ARM GAS  C:\Users\Darwin\AppData\Local\Temp\ccdfKfRJ.s 			page 18


 970 03ad 04       		.byte	4
 971 03ae 15       		.byte	21
 972 03af 0E       		.byte	14
 973 03b0 16       		.byte	22
 974 03b1 03       		.byte	3
 975 03b2 17       		.byte	23
 976 03b3 F0       		.byte	-16
 977 03b4 18       		.byte	24
 978 03b5 04       		.byte	4
 979 03b6 19       		.byte	25
 980 03b7 C5       		.byte	-59
 981 03b8 1B       		.byte	27
 982 03b9 3A       		.byte	58
 983 03ba 1D       		.byte	29
 984 03bb A3       		.byte	-93
 985 03bc 1E       		.byte	30
 986 03bd 10       		.byte	16
 987 03be 1F       		.byte	31
 988 03bf 5C       		.byte	92
 989 03c0 21       		.byte	33
 990 03c1 96       		.byte	-106
 991 03c2 22       		.byte	34
 992 03c3 01       		.byte	1
 993 03c4 23       		.byte	35
 994 03c5 68       		.byte	104
 995 03c6 24       		.byte	36
 996 03c7 10       		.byte	16
 997 03c8 25       		.byte	37
 998 03c9 7F       		.byte	127
 999 03ca 28       		.byte	40
 1000 03cb 04       		.byte	4
 1001 03cc 2B       		.byte	43
 1002 03cd 01       		.byte	1
 1003 03ce 30       		.byte	48
 1004 03cf 02       		.byte	2
 1005 03d0 32       		.byte	50
 1006 03d1 0C       		.byte	12
 1007 03d2 33       		.byte	51
 1008 03d3 FF       		.byte	-1
 1009 03d4 34       		.byte	52
 1010 03d5 01       		.byte	1
 1011 03d6 36       		.byte	54
 1012 03d7 10       		.byte	16
 1013 03d8 3E       		.byte	62
 1014 03d9 50       		.byte	80
 1015 03da 3F       		.byte	63
 1016 03db 04       		.byte	4
 1017 03dc 52       		.byte	82
 1018 03dd 80       		.byte	-128
 1019 03de 54       		.byte	84
 1020 03df 0F       		.byte	15
 1021 03e0 58       		.byte	88
 1022 03e1 04       		.byte	4
 1023 03e2 59       		.byte	89
 1024 03e3 04       		.byte	4
 1025 03e4 5B       		.byte	91
 1026 03e5 04       		.byte	4
ARM GAS  C:\Users\Darwin\AppData\Local\Temp\ccdfKfRJ.s 			page 19


 1027 03e6 5F       		.byte	95
 1028 03e7 05       		.byte	5
 1029 03e8 85       		.byte	-123
 1030 03e9 0C       		.byte	12
 1031 03ea 87       		.byte	-121
 1032 03eb 02       		.byte	2
 1033 03ec 89       		.byte	-119
 1034 03ed 0B       		.byte	11
 1035 03ee 8B       		.byte	-117
 1036 03ef 04       		.byte	4
 1037 03f0 8F       		.byte	-113
 1038 03f1 0F       		.byte	15
 1039 03f2 95       		.byte	-107
 1040 03f3 08       		.byte	8
 1041 03f4 97       		.byte	-105
 1042 03f5 01       		.byte	1
 1043 03f6 99       		.byte	-103
 1044 03f7 07       		.byte	7
 1045 03f8 9D       		.byte	-99
 1046 03f9 0C       		.byte	12
 1047 03fa 9F       		.byte	-97
 1048 03fb 01       		.byte	1
 1049 03fc B3       		.byte	-77
 1050 03fd 0F       		.byte	15
 1051 03fe D9       		.byte	-39
 1052 03ff 04       		.byte	4
 1053 0400 DF       		.byte	-33
 1054 0401 01       		.byte	1
 1055 0402 04       		.byte	4
 1056 0403 20       		.byte	32
 1057 0404 05       		.byte	5
 1058 0405 81       		.byte	-127
 1059 0406 07       		.byte	7
 1060 0407 10       		.byte	16
 1061 0408 0C       		.byte	12
 1062 0409 80       		.byte	-128
 1063 040a 0E       		.byte	14
 1064 040b 20       		.byte	32
 1065 040c 0F       		.byte	15
 1066 040d 48       		.byte	72
 1067 040e 16       		.byte	22
 1068 040f 80       		.byte	-128
 1069 0410 17       		.byte	23
 1070 0411 28       		.byte	40
 1071 0412 1D       		.byte	29
 1072 0413 21       		.byte	33
 1073 0414 1E       		.byte	30
 1074 0415 22       		.byte	34
 1075 0416 1F       		.byte	31
 1076 0417 08       		.byte	8
 1077 0418 21       		.byte	33
 1078 0419 04       		.byte	4
 1079 041a 23       		.byte	35
 1080 041b 20       		.byte	32
 1081 041c 27       		.byte	39
 1082 041d 10       		.byte	16
 1083 041e 2F       		.byte	47
ARM GAS  C:\Users\Darwin\AppData\Local\Temp\ccdfKfRJ.s 			page 20


 1084 041f 68       		.byte	104
 1085 0420 32       		.byte	50
 1086 0421 88       		.byte	-120
 1087 0422 33       		.byte	51
 1088 0423 20       		.byte	32
 1089 0424 35       		.byte	53
 1090 0425 80       		.byte	-128
 1091 0426 36       		.byte	54
 1092 0427 88       		.byte	-120
 1093 0428 37       		.byte	55
 1094 0429 20       		.byte	32
 1095 042a 38       		.byte	56
 1096 042b 20       		.byte	32
 1097 042c 39       		.byte	57
 1098 042d 08       		.byte	8
 1099 042e 3B       		.byte	59
 1100 042f C0       		.byte	-64
 1101 0430 3D       		.byte	61
 1102 0431 08       		.byte	8
 1103 0432 5E       		.byte	94
 1104 0433 4A       		.byte	74
 1105 0434 5F       		.byte	95
 1106 0435 10       		.byte	16
 1107 0436 66       		.byte	102
 1108 0437 04       		.byte	4
 1109 0438 67       		.byte	103
 1110 0439 04       		.byte	4
 1111 043a 76       		.byte	118
 1112 043b 80       		.byte	-128
 1113 043c 7A       		.byte	122
 1114 043d 08       		.byte	8
 1115 043e 7B       		.byte	123
 1116 043f 04       		.byte	4
 1117 0440 7F       		.byte	127
 1118 0441 20       		.byte	32
 1119 0442 90       		.byte	-112
 1120 0443 20       		.byte	32
 1121 0444 92       		.byte	-110
 1122 0445 40       		.byte	64
 1123 0446 93       		.byte	-109
 1124 0447 94       		.byte	-108
 1125 0448 95       		.byte	-107
 1126 0449 08       		.byte	8
 1127 044a 9A       		.byte	-102
 1128 044b 04       		.byte	4
 1129 044c 9B       		.byte	-101
 1130 044d 08       		.byte	8
 1131 044e 9F       		.byte	-97
 1132 044f 20       		.byte	32
 1133 0450 A0       		.byte	-96
 1134 0451 80       		.byte	-128
 1135 0452 A1       		.byte	-95
 1136 0453 04       		.byte	4
 1137 0454 A2       		.byte	-94
 1138 0455 8C       		.byte	-116
 1139 0456 A3       		.byte	-93
 1140 0457 20       		.byte	32
ARM GAS  C:\Users\Darwin\AppData\Local\Temp\ccdfKfRJ.s 			page 21


 1141 0458 A5       		.byte	-91
 1142 0459 20       		.byte	32
 1143 045a C0       		.byte	-64
 1144 045b F0       		.byte	-16
 1145 045c C2       		.byte	-62
 1146 045d F0       		.byte	-16
 1147 045e C4       		.byte	-60
 1148 045f 70       		.byte	112
 1149 0460 CA       		.byte	-54
 1150 0461 E0       		.byte	-32
 1151 0462 CC       		.byte	-52
 1152 0463 7E       		.byte	126
 1153 0464 CE       		.byte	-50
 1154 0465 4E       		.byte	78
 1155 0466 D6       		.byte	-42
 1156 0467 F0       		.byte	-16
 1157 0468 D8       		.byte	-40
 1158 0469 60       		.byte	96
 1159 046a DE       		.byte	-34
 1160 046b 40       		.byte	64
 1161 046c 38       		.byte	56
 1162 046d 80       		.byte	-128
 1163 046e 3E       		.byte	62
 1164 046f 40       		.byte	64
 1165 0470 58       		.byte	88
 1166 0471 04       		.byte	4
 1167 0472 5F       		.byte	95
 1168 0473 01       		.byte	1
 1169 0474 1F       		.byte	31
 1170 0475 80       		.byte	-128
 1171 0476 E6       		.byte	-26
 1172 0477 20       		.byte	32
 1173 0478 EA       		.byte	-22
 1174 0479 10       		.byte	16
 1175 047a E0       		.byte	-32
 1176 047b 40       		.byte	64
 1177 047c EE       		.byte	-18
 1178 047d 04       		.byte	4
 1179 047e AB       		.byte	-85
 1180 047f 80       		.byte	-128
 1181 0480 32       		.byte	50
 1182 0481 20       		.byte	32
 1183 0482 37       		.byte	55
 1184 0483 40       		.byte	64
 1185 0484 8A       		.byte	-118
 1186 0485 20       		.byte	32
 1187 0486 CC       		.byte	-52
 1188 0487 30       		.byte	48
 1189 0488 03       		.byte	3
 1190 0489 80       		.byte	-128
 1191 048a 07       		.byte	7
 1192 048b 40       		.byte	64
 1193 048c 0B       		.byte	11
 1194 048d 02       		.byte	2
 1195 048e AB       		.byte	-85
 1196 048f 40       		.byte	64
 1197 0490 C0       		.byte	-64
ARM GAS  C:\Users\Darwin\AppData\Local\Temp\ccdfKfRJ.s 			page 22


 1198 0491 30       		.byte	48
 1199 0492 C2       		.byte	-62
 1200 0493 40       		.byte	64
 1201 0494 EE       		.byte	-18
 1202 0495 80       		.byte	-128
 1203 0496 1B       		.byte	27
 1204 0497 04       		.byte	4
 1205 0498 3F       		.byte	63
 1206 0499 08       		.byte	8
 1207 049a AF       		.byte	-81
 1208 049b 80       		.byte	-128
 1209 049c B7       		.byte	-73
 1210 049d 41       		.byte	65
 1211 049e C6       		.byte	-58
 1212 049f 10       		.byte	16
 1213 04a0 CE       		.byte	-50
 1214 04a1 80       		.byte	-128
 1215 04a2 EC       		.byte	-20
 1216 04a3 10       		.byte	16
 1217 04a4 63       		.byte	99
 1218 04a5 08       		.byte	8
 1219 04a6 D8       		.byte	-40
 1220 04a7 40       		.byte	64
 1221 04a8 05       		.byte	5
 1222 04a9 04       		.byte	4
 1223 04aa 70       		.byte	112
 1224 04ab 01       		.byte	1
 1225 04ac 8C       		.byte	-116
 1226 04ad 01       		.byte	1
 1227 04ae C0       		.byte	-64
 1228 04af 04       		.byte	4
 1229 04b0 DC       		.byte	-36
 1230 04b1 01       		.byte	1
 1231 04b2 E0       		.byte	-32
 1232 04b3 02       		.byte	2
 1233 04b4 8B       		.byte	-117
 1234 04b5 80       		.byte	-128
 1235 04b6 B5       		.byte	-75
 1236 04b7 04       		.byte	4
 1237 04b8 E6       		.byte	-26
 1238 04b9 04       		.byte	4
 1239 04ba EA       		.byte	-22
 1240 04bb 08       		.byte	8
 1241 04bc 07       		.byte	7
 1242 04bd 80       		.byte	-128
 1243 04be 9F       		.byte	-97
 1244 04bf 80       		.byte	-128
 1245 04c0 C0       		.byte	-64
 1246 04c1 04       		.byte	4
 1247 04c2 AB       		.byte	-85
 1248 04c3 04       		.byte	4
 1249 04c4 EE       		.byte	-18
 1250 04c5 20       		.byte	32
 1251 04c6 00       		.byte	0
 1252 04c7 01       		.byte	1
 1253 04c8 08       		.byte	8
 1254 04c9 01       		.byte	1
ARM GAS  C:\Users\Darwin\AppData\Local\Temp\ccdfKfRJ.s 			page 23


 1255 04ca 0A       		.byte	10
 1256 04cb 01       		.byte	1
 1257 04cc 00       		.byte	0
 1258 04cd 0F       		.byte	15
 1259 04ce 04       		.byte	4
 1260 04cf 0C       		.byte	12
 1261 04d0 43       		.byte	67
 1262 04d1 C0       		.byte	-64
 1263 04d2 80       		.byte	-128
 1264 04d3 00       		.byte	0
 1265 04d4 00       		.byte	0
 1266 04d5 00       		.byte	0
 1267 04d6 00       		.byte	0
 1268 04d7 00       		.byte	0
 1269 04d8 00       		.byte	0
 1270 04d9 10       		.byte	16
 1271 04da 10       		.byte	16
 1272 04db 00       		.byte	0
 1273 04dc 10       		.byte	16
 1274 04dd 00       		.byte	0
 1275 04de 00       		.byte	0
 1276 04df 00       		.byte	0
 1277 04e0 20       		.byte	32
 1278 04e1 00       		.byte	0
 1279 04e2 00       		.byte	0
 1280 04e3 20       		.byte	32
 1281 04e4 00       		.byte	0
 1282 04e5 00       		.byte	0
 1283 04e6 00       		.byte	0
 1284 04e7 00       		.byte	0
 1285 04e8 00       		.byte	0
 1286 04e9 00       		.byte	0
 1287 04ea 00       		.byte	0
 1288 04eb 00       		.byte	0
 1289 04ec 00       		.byte	0
 1290 04ed 0B       		.byte	11
 1291 04ee 0B       		.byte	11
 1292 04ef 00       		.byte	0
 1293 04f0 00       		.byte	0
 1294 04f1 00       		.byte	0
 1295 04f2 00       		.byte	0
 1296 04f3 00       		.byte	0
 1297 04f4 00       		.byte	0
 1298 04f5 7F       		.byte	127
 1299 04f6 7F       		.byte	127
 1300 04f7 00       		.byte	0
 1301 04f8 00       		.byte	0
 1302 04f9 00       		.byte	0
 1303 04fa 00       		.byte	0
 1304 04fb 00       		.byte	0
 1305 04fc 02       		.byte	2
 1306 04fd 00       		.byte	0
 1307 04fe 00       		.byte	0
 1308 04ff 0A       		.byte	10
 1309 0500 08       		.byte	8
 1310 0501 00       		.byte	0
 1311 0502 00       		.byte	0
ARM GAS  C:\Users\Darwin\AppData\Local\Temp\ccdfKfRJ.s 			page 24


 1312 0503 00       		.byte	0
 1313 0504 00       		.byte	0
 1314 0505 00       		.byte	0
 1315 0506 00       		.byte	0
 1316 0507 00       		.byte	0
 1317              		.section	.cywolatch,"a",%progbits
 1318              		.align	2
 1319              		.type	cy_meta_wonvl, %object
 1320              		.size	cy_meta_wonvl, 4
 1321              	cy_meta_wonvl:
 1322 0000 BC       		.byte	-68
 1323 0001 90       		.byte	-112
 1324 0002 AC       		.byte	-84
 1325 0003 AF       		.byte	-81
 1326              		.section	.cycustnvl,"a",%progbits
 1327              		.align	2
 1328              		.type	cy_meta_custnvl, %object
 1329              		.size	cy_meta_custnvl, 4
 1330              	cy_meta_custnvl:
 1331 0000 00       		.byte	0
 1332 0001 00       		.byte	0
 1333 0002 40       		.byte	64
 1334 0003 05       		.byte	5
 1335              		.section	.cymeta,"a",%progbits
 1336              		.align	2
 1337              		.type	cy_metadata, %object
 1338              		.size	cy_metadata, 12
 1339              	cy_metadata:
 1340 0000 00       		.byte	0
 1341 0001 01       		.byte	1
 1342 0002 2E       		.byte	46
 1343 0003 12       		.byte	18
 1344 0004 30       		.byte	48
 1345 0005 69       		.byte	105
 1346 0006 00       		.byte	0
 1347 0007 01       		.byte	1
 1348 0008 00       		.byte	0
 1349 0009 00       		.byte	0
 1350 000a 00       		.byte	0
 1351 000b 00       		.byte	0
 1352              		.section	.cyflashprotect,"a",%progbits
 1353              		.align	2
 1354              		.type	cy_meta_flashprotect, %object
 1355              		.size	cy_meta_flashprotect, 256
 1356              	cy_meta_flashprotect:
 1357 0000 00000000 		.space	256
 1357      00000000 
 1357      00000000 
 1357      00000000 
 1357      00000000 
 1358              		.text
 1359              	.Letext0:
 1360              		.file 1 "c:\\program files (x86)\\cypress\\psoc creator\\4.2\\psoc creator\\import\\gnu\\arm\\5.4.
 1361              		.file 2 "c:\\program files (x86)\\cypress\\psoc creator\\4.2\\psoc creator\\import\\gnu\\arm\\5.4.
 1362              		.file 3 "Generated_Source\\PSoC5\\cymetadata.c"
 1363              		.section	.debug_info,"",%progbits
 1364              	.Ldebug_info0:
ARM GAS  C:\Users\Darwin\AppData\Local\Temp\ccdfKfRJ.s 			page 25


 1365 0000 32010000 		.4byte	0x132
 1366 0004 0400     		.2byte	0x4
 1367 0006 00000000 		.4byte	.Ldebug_abbrev0
 1368 000a 04       		.byte	0x4
 1369 000b 01       		.uleb128 0x1
 1370 000c 24000000 		.4byte	.LASF17
 1371 0010 0C       		.byte	0xc
 1372 0011 CD010000 		.4byte	.LASF18
 1373 0015 7E010000 		.4byte	.LASF19
 1374 0019 00000000 		.4byte	.Ldebug_line0
 1375 001d 02       		.uleb128 0x2
 1376 001e 01       		.byte	0x1
 1377 001f 06       		.byte	0x6
 1378 0020 72010000 		.4byte	.LASF0
 1379 0024 03       		.uleb128 0x3
 1380 0025 00000000 		.4byte	.LASF9
 1381 0029 01       		.byte	0x1
 1382 002a 1D       		.byte	0x1d
 1383 002b 2F000000 		.4byte	0x2f
 1384 002f 02       		.uleb128 0x2
 1385 0030 01       		.byte	0x1
 1386 0031 08       		.byte	0x8
 1387 0032 16000000 		.4byte	.LASF1
 1388 0036 02       		.uleb128 0x2
 1389 0037 02       		.byte	0x2
 1390 0038 05       		.byte	0x5
 1391 0039 5F010000 		.4byte	.LASF2
 1392 003d 02       		.uleb128 0x2
 1393 003e 02       		.byte	0x2
 1394 003f 07       		.byte	0x7
 1395 0040 C4000000 		.4byte	.LASF3
 1396 0044 02       		.uleb128 0x2
 1397 0045 04       		.byte	0x4
 1398 0046 05       		.byte	0x5
 1399 0047 69010000 		.4byte	.LASF4
 1400 004b 02       		.uleb128 0x2
 1401 004c 04       		.byte	0x4
 1402 004d 07       		.byte	0x7
 1403 004e B2000000 		.4byte	.LASF5
 1404 0052 02       		.uleb128 0x2
 1405 0053 08       		.byte	0x8
 1406 0054 05       		.byte	0x5
 1407 0055 51010000 		.4byte	.LASF6
 1408 0059 02       		.uleb128 0x2
 1409 005a 08       		.byte	0x8
 1410 005b 07       		.byte	0x7
 1411 005c 06010000 		.4byte	.LASF7
 1412 0060 04       		.uleb128 0x4
 1413 0061 04       		.byte	0x4
 1414 0062 05       		.byte	0x5
 1415 0063 696E7400 		.ascii	"int\000"
 1416 0067 02       		.uleb128 0x2
 1417 0068 04       		.byte	0x4
 1418 0069 07       		.byte	0x7
 1419 006a F9000000 		.4byte	.LASF8
 1420 006e 03       		.uleb128 0x3
 1421 006f 1D010000 		.4byte	.LASF10
ARM GAS  C:\Users\Darwin\AppData\Local\Temp\ccdfKfRJ.s 			page 26


 1422 0073 02       		.byte	0x2
 1423 0074 18       		.byte	0x18
 1424 0075 24000000 		.4byte	0x24
 1425 0079 05       		.uleb128 0x5
 1426 007a 91000000 		.4byte	0x91
 1427 007e 8A000000 		.4byte	0x8a
 1428 0082 06       		.uleb128 0x6
 1429 0083 8A000000 		.4byte	0x8a
 1430 0087 0705     		.2byte	0x507
 1431 0089 00       		.byte	0
 1432 008a 02       		.uleb128 0x2
 1433 008b 04       		.byte	0x4
 1434 008c 07       		.byte	0x7
 1435 008d 48010000 		.4byte	.LASF11
 1436 0091 07       		.uleb128 0x7
 1437 0092 6E000000 		.4byte	0x6e
 1438 0096 08       		.uleb128 0x8
 1439 0097 E7000000 		.4byte	.LASF12
 1440 009b 03       		.byte	0x3
 1441 009c 1F       		.byte	0x1f
 1442 009d A7000000 		.4byte	0xa7
 1443 00a1 05       		.uleb128 0x5
 1444 00a2 03       		.byte	0x3
 1445 00a3 00000000 		.4byte	cy_meta_configecc
 1446 00a7 07       		.uleb128 0x7
 1447 00a8 79000000 		.4byte	0x79
 1448 00ac 05       		.uleb128 0x5
 1449 00ad 91000000 		.4byte	0x91
 1450 00b1 BC000000 		.4byte	0xbc
 1451 00b5 09       		.uleb128 0x9
 1452 00b6 8A000000 		.4byte	0x8a
 1453 00ba 03       		.byte	0x3
 1454 00bb 00       		.byte	0
 1455 00bc 08       		.uleb128 0x8
 1456 00bd D7000000 		.4byte	.LASF13
 1457 00c1 03       		.byte	0x3
 1458 00c2 CD       		.byte	0xcd
 1459 00c3 CD000000 		.4byte	0xcd
 1460 00c7 05       		.uleb128 0x5
 1461 00c8 03       		.byte	0x3
 1462 00c9 00000000 		.4byte	cy_meta_custnvl
 1463 00cd 07       		.uleb128 0x7
 1464 00ce AC000000 		.4byte	0xac
 1465 00d2 08       		.uleb128 0x8
 1466 00d3 3A010000 		.4byte	.LASF14
 1467 00d7 03       		.byte	0x3
 1468 00d8 DB       		.byte	0xdb
 1469 00d9 E3000000 		.4byte	0xe3
 1470 00dd 05       		.uleb128 0x5
 1471 00de 03       		.byte	0x3
 1472 00df 00000000 		.4byte	cy_meta_wonvl
 1473 00e3 07       		.uleb128 0x7
 1474 00e4 AC000000 		.4byte	0xac
 1475 00e8 05       		.uleb128 0x5
 1476 00e9 91000000 		.4byte	0x91
 1477 00ed F8000000 		.4byte	0xf8
 1478 00f1 09       		.uleb128 0x9
ARM GAS  C:\Users\Darwin\AppData\Local\Temp\ccdfKfRJ.s 			page 27


 1479 00f2 8A000000 		.4byte	0x8a
 1480 00f6 FF       		.byte	0xff
 1481 00f7 00       		.byte	0
 1482 00f8 08       		.uleb128 0x8
 1483 00f9 25010000 		.4byte	.LASF15
 1484 00fd 03       		.byte	0x3
 1485 00fe E9       		.byte	0xe9
 1486 00ff 09010000 		.4byte	0x109
 1487 0103 05       		.uleb128 0x5
 1488 0104 03       		.byte	0x3
 1489 0105 00000000 		.4byte	cy_meta_flashprotect
 1490 0109 07       		.uleb128 0x7
 1491 010a E8000000 		.4byte	0xe8
 1492 010e 05       		.uleb128 0x5
 1493 010f 91000000 		.4byte	0x91
 1494 0113 1E010000 		.4byte	0x11e
 1495 0117 09       		.uleb128 0x9
 1496 0118 8A000000 		.4byte	0x8a
 1497 011c 0B       		.byte	0xb
 1498 011d 00       		.byte	0
 1499 011e 0A       		.uleb128 0xa
 1500 011f 0A000000 		.4byte	.LASF16
 1501 0123 03       		.byte	0x3
 1502 0124 1601     		.2byte	0x116
 1503 0126 30010000 		.4byte	0x130
 1504 012a 05       		.uleb128 0x5
 1505 012b 03       		.byte	0x3
 1506 012c 00000000 		.4byte	cy_metadata
 1507 0130 07       		.uleb128 0x7
 1508 0131 0E010000 		.4byte	0x10e
 1509 0135 00       		.byte	0
 1510              		.section	.debug_abbrev,"",%progbits
 1511              	.Ldebug_abbrev0:
 1512 0000 01       		.uleb128 0x1
 1513 0001 11       		.uleb128 0x11
 1514 0002 01       		.byte	0x1
 1515 0003 25       		.uleb128 0x25
 1516 0004 0E       		.uleb128 0xe
 1517 0005 13       		.uleb128 0x13
 1518 0006 0B       		.uleb128 0xb
 1519 0007 03       		.uleb128 0x3
 1520 0008 0E       		.uleb128 0xe
 1521 0009 1B       		.uleb128 0x1b
 1522 000a 0E       		.uleb128 0xe
 1523 000b 10       		.uleb128 0x10
 1524 000c 17       		.uleb128 0x17
 1525 000d 00       		.byte	0
 1526 000e 00       		.byte	0
 1527 000f 02       		.uleb128 0x2
 1528 0010 24       		.uleb128 0x24
 1529 0011 00       		.byte	0
 1530 0012 0B       		.uleb128 0xb
 1531 0013 0B       		.uleb128 0xb
 1532 0014 3E       		.uleb128 0x3e
 1533 0015 0B       		.uleb128 0xb
 1534 0016 03       		.uleb128 0x3
 1535 0017 0E       		.uleb128 0xe
ARM GAS  C:\Users\Darwin\AppData\Local\Temp\ccdfKfRJ.s 			page 28


 1536 0018 00       		.byte	0
 1537 0019 00       		.byte	0
 1538 001a 03       		.uleb128 0x3
 1539 001b 16       		.uleb128 0x16
 1540 001c 00       		.byte	0
 1541 001d 03       		.uleb128 0x3
 1542 001e 0E       		.uleb128 0xe
 1543 001f 3A       		.uleb128 0x3a
 1544 0020 0B       		.uleb128 0xb
 1545 0021 3B       		.uleb128 0x3b
 1546 0022 0B       		.uleb128 0xb
 1547 0023 49       		.uleb128 0x49
 1548 0024 13       		.uleb128 0x13
 1549 0025 00       		.byte	0
 1550 0026 00       		.byte	0
 1551 0027 04       		.uleb128 0x4
 1552 0028 24       		.uleb128 0x24
 1553 0029 00       		.byte	0
 1554 002a 0B       		.uleb128 0xb
 1555 002b 0B       		.uleb128 0xb
 1556 002c 3E       		.uleb128 0x3e
 1557 002d 0B       		.uleb128 0xb
 1558 002e 03       		.uleb128 0x3
 1559 002f 08       		.uleb128 0x8
 1560 0030 00       		.byte	0
 1561 0031 00       		.byte	0
 1562 0032 05       		.uleb128 0x5
 1563 0033 01       		.uleb128 0x1
 1564 0034 01       		.byte	0x1
 1565 0035 49       		.uleb128 0x49
 1566 0036 13       		.uleb128 0x13
 1567 0037 01       		.uleb128 0x1
 1568 0038 13       		.uleb128 0x13
 1569 0039 00       		.byte	0
 1570 003a 00       		.byte	0
 1571 003b 06       		.uleb128 0x6
 1572 003c 21       		.uleb128 0x21
 1573 003d 00       		.byte	0
 1574 003e 49       		.uleb128 0x49
 1575 003f 13       		.uleb128 0x13
 1576 0040 2F       		.uleb128 0x2f
 1577 0041 05       		.uleb128 0x5
 1578 0042 00       		.byte	0
 1579 0043 00       		.byte	0
 1580 0044 07       		.uleb128 0x7
 1581 0045 26       		.uleb128 0x26
 1582 0046 00       		.byte	0
 1583 0047 49       		.uleb128 0x49
 1584 0048 13       		.uleb128 0x13
 1585 0049 00       		.byte	0
 1586 004a 00       		.byte	0
 1587 004b 08       		.uleb128 0x8
 1588 004c 34       		.uleb128 0x34
 1589 004d 00       		.byte	0
 1590 004e 03       		.uleb128 0x3
 1591 004f 0E       		.uleb128 0xe
 1592 0050 3A       		.uleb128 0x3a
ARM GAS  C:\Users\Darwin\AppData\Local\Temp\ccdfKfRJ.s 			page 29


 1593 0051 0B       		.uleb128 0xb
 1594 0052 3B       		.uleb128 0x3b
 1595 0053 0B       		.uleb128 0xb
 1596 0054 49       		.uleb128 0x49
 1597 0055 13       		.uleb128 0x13
 1598 0056 3F       		.uleb128 0x3f
 1599 0057 19       		.uleb128 0x19
 1600 0058 02       		.uleb128 0x2
 1601 0059 18       		.uleb128 0x18
 1602 005a 00       		.byte	0
 1603 005b 00       		.byte	0
 1604 005c 09       		.uleb128 0x9
 1605 005d 21       		.uleb128 0x21
 1606 005e 00       		.byte	0
 1607 005f 49       		.uleb128 0x49
 1608 0060 13       		.uleb128 0x13
 1609 0061 2F       		.uleb128 0x2f
 1610 0062 0B       		.uleb128 0xb
 1611 0063 00       		.byte	0
 1612 0064 00       		.byte	0
 1613 0065 0A       		.uleb128 0xa
 1614 0066 34       		.uleb128 0x34
 1615 0067 00       		.byte	0
 1616 0068 03       		.uleb128 0x3
 1617 0069 0E       		.uleb128 0xe
 1618 006a 3A       		.uleb128 0x3a
 1619 006b 0B       		.uleb128 0xb
 1620 006c 3B       		.uleb128 0x3b
 1621 006d 05       		.uleb128 0x5
 1622 006e 49       		.uleb128 0x49
 1623 006f 13       		.uleb128 0x13
 1624 0070 3F       		.uleb128 0x3f
 1625 0071 19       		.uleb128 0x19
 1626 0072 02       		.uleb128 0x2
 1627 0073 18       		.uleb128 0x18
 1628 0074 00       		.byte	0
 1629 0075 00       		.byte	0
 1630 0076 00       		.byte	0
 1631              		.section	.debug_aranges,"",%progbits
 1632 0000 14000000 		.4byte	0x14
 1633 0004 0200     		.2byte	0x2
 1634 0006 00000000 		.4byte	.Ldebug_info0
 1635 000a 04       		.byte	0x4
 1636 000b 00       		.byte	0
 1637 000c 0000     		.2byte	0
 1638 000e 0000     		.2byte	0
 1639 0010 00000000 		.4byte	0
 1640 0014 00000000 		.4byte	0
 1641              		.section	.debug_line,"",%progbits
 1642              	.Ldebug_line0:
 1643 0000 3D010000 		.section	.debug_str,"MS",%progbits,1
 1643      02003701 
 1643      00000201 
 1643      FB0E0D00 
 1643      01010101 
 1644              	.LASF9:
 1645 0000 5F5F7569 		.ascii	"__uint8_t\000"
ARM GAS  C:\Users\Darwin\AppData\Local\Temp\ccdfKfRJ.s 			page 30


 1645      6E74385F 
 1645      7400
 1646              	.LASF16:
 1647 000a 63795F6D 		.ascii	"cy_metadata\000"
 1647      65746164 
 1647      61746100 
 1648              	.LASF1:
 1649 0016 756E7369 		.ascii	"unsigned char\000"
 1649      676E6564 
 1649      20636861 
 1649      7200
 1650              	.LASF17:
 1651 0024 474E5520 		.ascii	"GNU C11 5.4.1 20160609 (release) [ARM/embedded-5-br"
 1651      43313120 
 1651      352E342E 
 1651      31203230 
 1651      31363036 
 1652 0057 616E6368 		.ascii	"anch revision 237715] -mcpu=cortex-m3 -mthumb -g -O"
 1652      20726576 
 1652      6973696F 
 1652      6E203233 
 1652      37373135 
 1653 008a 67202D66 		.ascii	"g -ffunction-sections -ffat-lto-objects\000"
 1653      66756E63 
 1653      74696F6E 
 1653      2D736563 
 1653      74696F6E 
 1654              	.LASF5:
 1655 00b2 6C6F6E67 		.ascii	"long unsigned int\000"
 1655      20756E73 
 1655      69676E65 
 1655      6420696E 
 1655      7400
 1656              	.LASF3:
 1657 00c4 73686F72 		.ascii	"short unsigned int\000"
 1657      7420756E 
 1657      7369676E 
 1657      65642069 
 1657      6E7400
 1658              	.LASF13:
 1659 00d7 63795F6D 		.ascii	"cy_meta_custnvl\000"
 1659      6574615F 
 1659      63757374 
 1659      6E766C00 
 1660              	.LASF12:
 1661 00e7 63795F6D 		.ascii	"cy_meta_configecc\000"
 1661      6574615F 
 1661      636F6E66 
 1661      69676563 
 1661      6300
 1662              	.LASF8:
 1663 00f9 756E7369 		.ascii	"unsigned int\000"
 1663      676E6564 
 1663      20696E74 
 1663      00
 1664              	.LASF7:
 1665 0106 6C6F6E67 		.ascii	"long long unsigned int\000"
ARM GAS  C:\Users\Darwin\AppData\Local\Temp\ccdfKfRJ.s 			page 31


 1665      206C6F6E 
 1665      6720756E 
 1665      7369676E 
 1665      65642069 
 1666              	.LASF10:
 1667 011d 75696E74 		.ascii	"uint8_t\000"
 1667      385F7400 
 1668              	.LASF15:
 1669 0125 63795F6D 		.ascii	"cy_meta_flashprotect\000"
 1669      6574615F 
 1669      666C6173 
 1669      6870726F 
 1669      74656374 
 1670              	.LASF14:
 1671 013a 63795F6D 		.ascii	"cy_meta_wonvl\000"
 1671      6574615F 
 1671      776F6E76 
 1671      6C00
 1672              	.LASF11:
 1673 0148 73697A65 		.ascii	"sizetype\000"
 1673      74797065 
 1673      00
 1674              	.LASF6:
 1675 0151 6C6F6E67 		.ascii	"long long int\000"
 1675      206C6F6E 
 1675      6720696E 
 1675      7400
 1676              	.LASF2:
 1677 015f 73686F72 		.ascii	"short int\000"
 1677      7420696E 
 1677      7400
 1678              	.LASF4:
 1679 0169 6C6F6E67 		.ascii	"long int\000"
 1679      20696E74 
 1679      00
 1680              	.LASF0:
 1681 0172 7369676E 		.ascii	"signed char\000"
 1681      65642063 
 1681      68617200 
 1682              	.LASF19:
 1683 017e 433A5C55 		.ascii	"C:\\Users\\Darwin\\Desktop\\matlab lab control\\Pro"
 1683      73657273 
 1683      5C446172 
 1683      77696E5C 
 1683      4465736B 
 1684 01ac 79656374 		.ascii	"yecto\\Workspace01\\Design01.cydsn\000"
 1684      6F5C576F 
 1684      726B7370 
 1684      61636530 
 1684      315C4465 
 1685              	.LASF18:
 1686 01cd 47656E65 		.ascii	"Generated_Source\\PSoC5\\cymetadata.c\000"
 1686      72617465 
 1686      645F536F 
 1686      75726365 
 1686      5C50536F 
 1687              		.ident	"GCC: (GNU Tools for ARM Embedded Processors) 5.4.1 20160609 (release) [ARM/embedded-5-bran
ARM GAS  C:\Users\Darwin\AppData\Local\Temp\ccdfKfRJ.s 			page 32


