ARM GAS  C:\Users\Darwin\AppData\Local\Temp\ccK2BLZS.s 			page 1


   1              		.syntax unified
   2              		.cpu cortex-m3
   3              		.fpu softvfp
   4              		.eabi_attribute 20, 1
   5              		.eabi_attribute 21, 1
   6              		.eabi_attribute 23, 3
   7              		.eabi_attribute 24, 1
   8              		.eabi_attribute 25, 1
   9              		.eabi_attribute 26, 1
  10              		.eabi_attribute 30, 1
  11              		.eabi_attribute 34, 1
  12              		.eabi_attribute 18, 4
  13              		.thumb
  14              		.syntax unified
  15              		.file	"main.c"
  16              		.text
  17              	.Ltext0:
  18              		.cfi_sections	.debug_frame
  19              		.section	.text.AumentarInt,"ax",%progbits
  20              		.align	2
  21              		.global	AumentarInt
  22              		.thumb
  23              		.thumb_func
  24              		.type	AumentarInt, %function
  25              	AumentarInt:
  26              	.LFB63:
  27              		.file 1 "main.c"
   1:main.c        **** /* ========================================
   2:main.c        ****  *
   3:main.c        ****  * Copyright YOUR COMPANY, THE YEAR
   4:main.c        ****  * All Rights Reserved
   5:main.c        ****  * UNPUBLISHED, LICENSED SOFTWARE.
   6:main.c        ****  *
   7:main.c        ****  * CONFIDENTIAL AND PROPRIETARY INFORMATION
   8:main.c        ****  * WHICH IS THE PROPERTY OF your company.
   9:main.c        ****  *
  10:main.c        ****  * ========================================
  11:main.c        **** */
  12:main.c        **** #include "project.h"
  13:main.c        **** 
  14:main.c        **** /* Declaración de variables */
  15:main.c        **** float Ts=0.01; /* Periodo de muestreo de 10ms */
  16:main.c        **** int16 control_manual=120;
  17:main.c        **** int16 control_auto=100;
  18:main.c        **** volatile float control_anterior=0;
  19:main.c        **** int angulo=0;
  20:main.c        **** int ref_angulo=81;
  21:main.c        **** /* seleccion de control */
  22:main.c        **** int16 control=1;    
  23:main.c        **** /* Variables de control */
  24:main.c        **** float radio = 0.1;
  25:main.c        **** float PkP=0.3;
  26:main.c        **** float PkI=0.001;/**************IMPORTANTE REVISAR EN LABORATORIO (talvez hay que aumentarlo, ya que
  27:main.c        **** float PkD=1000;
  28:main.c        **** volatile float error,error_anterior;
  29:main.c        **** volatile float Pkp,Pki,Pkd;
  30:main.c        **** volatile float Pki_anterior=0;
ARM GAS  C:\Users\Darwin\AppData\Local\Temp\ccK2BLZS.s 			page 2


  31:main.c        **** 
  32:main.c        **** 
  33:main.c        **** /* Métodos de interrupción */
  34:main.c        **** CY_ISR(AumentarInt)
  35:main.c        **** {
  28              		.loc 1 35 0
  29              		.cfi_startproc
  30              		@ args = 0, pretend = 0, frame = 0
  31              		@ frame_needed = 0, uses_anonymous_args = 0
  36:main.c        ****     if(control_manual<200)
  32              		.loc 1 36 0
  33 0000 1B4B     		ldr	r3, .L5
  34 0002 B3F90000 		ldrsh	r0, [r3]
  35 0006 C728     		cmp	r0, #199
  36 0008 30DC     		bgt	.L4
  35:main.c        ****     if(control_manual<200)
  37              		.loc 1 35 0
  38 000a 10B5     		push	{r4, lr}
  39              		.cfi_def_cfa_offset 8
  40              		.cfi_offset 4, -8
  41              		.cfi_offset 14, -4
  37:main.c        ****     {
  38:main.c        ****         control_manual=control_manual+1;
  42              		.loc 1 38 0
  43 000c 0130     		adds	r0, r0, #1
  44 000e 80B2     		uxth	r0, r0
  45 0010 1C46     		mov	r4, r3
  46 0012 1880     		strh	r0, [r3]	@ movhi
  39:main.c        ****         PWM_Motor_WriteCompare(control_manual);
  47              		.loc 1 39 0
  48 0014 FFF7FEFF 		bl	PWM_Motor_WriteCompare
  49              	.LVL0:
  40:main.c        ****         Reset_PWM_Write(1);
  50              		.loc 1 40 0
  51 0018 0120     		movs	r0, #1
  52 001a FFF7FEFF 		bl	Reset_PWM_Write
  53              	.LVL1:
  41:main.c        ****         Reset_PWM_Write(0);
  54              		.loc 1 41 0
  55 001e 0020     		movs	r0, #0
  56 0020 FFF7FEFF 		bl	Reset_PWM_Write
  57              	.LVL2:
  42:main.c        ****         
  43:main.c        ****         LED_Write(1);
  58              		.loc 1 43 0
  59 0024 0120     		movs	r0, #1
  60 0026 FFF7FEFF 		bl	LED_Write
  61              	.LVL3:
  44:main.c        ****         
  45:main.c        ****         LCD_ClearDisplay();
  62              		.loc 1 45 0
  63 002a 0120     		movs	r0, #1
  64 002c FFF7FEFF 		bl	LCD_WriteControl
  65              	.LVL4:
  46:main.c        ****         LCD_Position(0,0);
  66              		.loc 1 46 0
  67 0030 0021     		movs	r1, #0
ARM GAS  C:\Users\Darwin\AppData\Local\Temp\ccK2BLZS.s 			page 3


  68 0032 0846     		mov	r0, r1
  69 0034 FFF7FEFF 		bl	LCD_Position
  70              	.LVL5:
  47:main.c        ****         LCD_PrintString("control:");
  71              		.loc 1 47 0
  72 0038 0E48     		ldr	r0, .L5+4
  73 003a FFF7FEFF 		bl	LCD_PrintString
  74              	.LVL6:
  48:main.c        ****     
  49:main.c        ****         LCD_Position(0,10);
  75              		.loc 1 49 0
  76 003e 0A21     		movs	r1, #10
  77 0040 0020     		movs	r0, #0
  78 0042 FFF7FEFF 		bl	LCD_Position
  79              	.LVL7:
  50:main.c        ****         LCD_PrintNumber(control_manual);
  80              		.loc 1 50 0
  81 0046 2088     		ldrh	r0, [r4]
  82 0048 FFF7FEFF 		bl	LCD_PrintU32Number
  83              	.LVL8:
  51:main.c        ****         
  52:main.c        ****         LCD_Position(1,0);
  84              		.loc 1 52 0
  85 004c 0021     		movs	r1, #0
  86 004e 0120     		movs	r0, #1
  87 0050 FFF7FEFF 		bl	LCD_Position
  88              	.LVL9:
  53:main.c        ****         LCD_PrintString("angulo:");
  89              		.loc 1 53 0
  90 0054 0848     		ldr	r0, .L5+8
  91 0056 FFF7FEFF 		bl	LCD_PrintString
  92              	.LVL10:
  54:main.c        ****         LCD_Position(1,10);
  93              		.loc 1 54 0
  94 005a 0A21     		movs	r1, #10
  95 005c 0120     		movs	r0, #1
  96 005e FFF7FEFF 		bl	LCD_Position
  97              	.LVL11:
  55:main.c        ****         LCD_PrintNumber(angulo);
  98              		.loc 1 55 0
  99 0062 064B     		ldr	r3, .L5+12
 100 0064 1888     		ldrh	r0, [r3]
 101 0066 FFF7FEFF 		bl	LCD_PrintU32Number
 102              	.LVL12:
 103 006a 10BD     		pop	{r4, pc}
 104              	.L4:
 105              		.cfi_def_cfa_offset 0
 106              		.cfi_restore 4
 107              		.cfi_restore 14
 108 006c 7047     		bx	lr
 109              	.L6:
 110 006e 00BF     		.align	2
 111              	.L5:
 112 0070 00000000 		.word	.LANCHOR0
 113 0074 00000000 		.word	.LC0
 114 0078 0C000000 		.word	.LC1
 115 007c 00000000 		.word	.LANCHOR1
ARM GAS  C:\Users\Darwin\AppData\Local\Temp\ccK2BLZS.s 			page 4


 116              		.cfi_endproc
 117              	.LFE63:
 118              		.size	AumentarInt, .-AumentarInt
 119              		.section	.text.DisminuirInt,"ax",%progbits
 120              		.align	2
 121              		.global	DisminuirInt
 122              		.thumb
 123              		.thumb_func
 124              		.type	DisminuirInt, %function
 125              	DisminuirInt:
 126              	.LFB64:
  56:main.c        ****         
  57:main.c        ****     }
  58:main.c        **** }
  59:main.c        **** 
  60:main.c        **** CY_ISR(DisminuirInt)
  61:main.c        **** {
 127              		.loc 1 61 0
 128              		.cfi_startproc
 129              		@ args = 0, pretend = 0, frame = 0
 130              		@ frame_needed = 0, uses_anonymous_args = 0
  62:main.c        ****     if(control_manual>100)
 131              		.loc 1 62 0
 132 0000 1B4B     		ldr	r3, .L11
 133 0002 B3F90000 		ldrsh	r0, [r3]
 134 0006 6428     		cmp	r0, #100
 135 0008 30DD     		ble	.L10
  61:main.c        ****     if(control_manual>100)
 136              		.loc 1 61 0
 137 000a 10B5     		push	{r4, lr}
 138              		.cfi_def_cfa_offset 8
 139              		.cfi_offset 4, -8
 140              		.cfi_offset 14, -4
  63:main.c        ****     {
  64:main.c        ****         control_manual=control_manual-1;
 141              		.loc 1 64 0
 142 000c 0138     		subs	r0, r0, #1
 143 000e 80B2     		uxth	r0, r0
 144 0010 1C46     		mov	r4, r3
 145 0012 1880     		strh	r0, [r3]	@ movhi
  65:main.c        ****         PWM_Motor_WriteCompare(control_manual);
 146              		.loc 1 65 0
 147 0014 FFF7FEFF 		bl	PWM_Motor_WriteCompare
 148              	.LVL13:
  66:main.c        ****         Reset_PWM_Write(1);
 149              		.loc 1 66 0
 150 0018 0120     		movs	r0, #1
 151 001a FFF7FEFF 		bl	Reset_PWM_Write
 152              	.LVL14:
  67:main.c        ****         Reset_PWM_Write(0);
 153              		.loc 1 67 0
 154 001e 0020     		movs	r0, #0
 155 0020 FFF7FEFF 		bl	Reset_PWM_Write
 156              	.LVL15:
  68:main.c        ****         
  69:main.c        ****         LED_Write(0);
 157              		.loc 1 69 0
ARM GAS  C:\Users\Darwin\AppData\Local\Temp\ccK2BLZS.s 			page 5


 158 0024 0020     		movs	r0, #0
 159 0026 FFF7FEFF 		bl	LED_Write
 160              	.LVL16:
  70:main.c        ****         
  71:main.c        ****         LCD_ClearDisplay();
 161              		.loc 1 71 0
 162 002a 0120     		movs	r0, #1
 163 002c FFF7FEFF 		bl	LCD_WriteControl
 164              	.LVL17:
  72:main.c        ****         LCD_Position(0,0);
 165              		.loc 1 72 0
 166 0030 0021     		movs	r1, #0
 167 0032 0846     		mov	r0, r1
 168 0034 FFF7FEFF 		bl	LCD_Position
 169              	.LVL18:
  73:main.c        ****         LCD_PrintString("control:");
 170              		.loc 1 73 0
 171 0038 0E48     		ldr	r0, .L11+4
 172 003a FFF7FEFF 		bl	LCD_PrintString
 173              	.LVL19:
  74:main.c        ****     
  75:main.c        ****         LCD_Position(0,10);
 174              		.loc 1 75 0
 175 003e 0A21     		movs	r1, #10
 176 0040 0020     		movs	r0, #0
 177 0042 FFF7FEFF 		bl	LCD_Position
 178              	.LVL20:
  76:main.c        ****         LCD_PrintNumber(control_manual);
 179              		.loc 1 76 0
 180 0046 2088     		ldrh	r0, [r4]
 181 0048 FFF7FEFF 		bl	LCD_PrintU32Number
 182              	.LVL21:
  77:main.c        ****         
  78:main.c        ****         LCD_Position(1,0);
 183              		.loc 1 78 0
 184 004c 0021     		movs	r1, #0
 185 004e 0120     		movs	r0, #1
 186 0050 FFF7FEFF 		bl	LCD_Position
 187              	.LVL22:
  79:main.c        ****         LCD_PrintString("angulo:");
 188              		.loc 1 79 0
 189 0054 0848     		ldr	r0, .L11+8
 190 0056 FFF7FEFF 		bl	LCD_PrintString
 191              	.LVL23:
  80:main.c        ****         LCD_Position(1,10);
 192              		.loc 1 80 0
 193 005a 0A21     		movs	r1, #10
 194 005c 0120     		movs	r0, #1
 195 005e FFF7FEFF 		bl	LCD_Position
 196              	.LVL24:
  81:main.c        ****         LCD_PrintNumber(angulo);
 197              		.loc 1 81 0
 198 0062 064B     		ldr	r3, .L11+12
 199 0064 1888     		ldrh	r0, [r3]
 200 0066 FFF7FEFF 		bl	LCD_PrintU32Number
 201              	.LVL25:
 202 006a 10BD     		pop	{r4, pc}
ARM GAS  C:\Users\Darwin\AppData\Local\Temp\ccK2BLZS.s 			page 6


 203              	.L10:
 204              		.cfi_def_cfa_offset 0
 205              		.cfi_restore 4
 206              		.cfi_restore 14
 207 006c 7047     		bx	lr
 208              	.L12:
 209 006e 00BF     		.align	2
 210              	.L11:
 211 0070 00000000 		.word	.LANCHOR0
 212 0074 00000000 		.word	.LC0
 213 0078 0C000000 		.word	.LC1
 214 007c 00000000 		.word	.LANCHOR1
 215              		.cfi_endproc
 216              	.LFE64:
 217              		.size	DisminuirInt, .-DisminuirInt
 218              		.global	__aeabi_i2f
 219              		.global	__aeabi_fmul
 220              		.global	__aeabi_fadd
 221              		.global	__aeabi_fsub
 222              		.global	__aeabi_fdiv
 223              		.global	__aeabi_f2iz
 224              		.global	__aeabi_fcmplt
 225              		.global	__aeabi_fcmpgt
 226              		.section	.text.Muestreo,"ax",%progbits
 227              		.align	2
 228              		.global	Muestreo
 229              		.thumb
 230              		.thumb_func
 231              		.type	Muestreo, %function
 232              	Muestreo:
 233              	.LFB65:
  82:main.c        ****     }
  83:main.c        **** }
  84:main.c        **** 
  85:main.c        **** CY_ISR(Muestreo)
  86:main.c        **** {
 234              		.loc 1 86 0
 235              		.cfi_startproc
 236              		@ args = 0, pretend = 0, frame = 0
 237              		@ frame_needed = 0, uses_anonymous_args = 0
 238 0000 F8B5     		push	{r3, r4, r5, r6, r7, lr}
 239              		.cfi_def_cfa_offset 24
 240              		.cfi_offset 3, -24
 241              		.cfi_offset 4, -20
 242              		.cfi_offset 5, -16
 243              		.cfi_offset 6, -12
 244              		.cfi_offset 7, -8
 245              		.cfi_offset 14, -4
  87:main.c        ****     /*****falta agregar constantes para medir el ángulo en grados******/
  88:main.c        ****     angulo=QuadDec_GetCounter();
 246              		.loc 1 88 0
 247 0002 FFF7FEFF 		bl	QuadDec_GetCounter
 248              	.LVL26:
 249 0006 4E4B     		ldr	r3, .L25
 250 0008 1860     		str	r0, [r3]
  89:main.c        ****     
  90:main.c        ****     LCD_ClearDisplay();
ARM GAS  C:\Users\Darwin\AppData\Local\Temp\ccK2BLZS.s 			page 7


 251              		.loc 1 90 0
 252 000a 0120     		movs	r0, #1
 253 000c FFF7FEFF 		bl	LCD_WriteControl
 254              	.LVL27:
  91:main.c        ****     LCD_Position(0,0);
 255              		.loc 1 91 0
 256 0010 0021     		movs	r1, #0
 257 0012 0846     		mov	r0, r1
 258 0014 FFF7FEFF 		bl	LCD_Position
 259              	.LVL28:
  92:main.c        ****     LCD_PrintString("control:");
 260              		.loc 1 92 0
 261 0018 4A48     		ldr	r0, .L25+4
 262 001a FFF7FEFF 		bl	LCD_PrintString
 263              	.LVL29:
  93:main.c        **** 
  94:main.c        ****     LCD_Position(0,10);
 264              		.loc 1 94 0
 265 001e 0A21     		movs	r1, #10
 266 0020 0020     		movs	r0, #0
 267 0022 FFF7FEFF 		bl	LCD_Position
 268              	.LVL30:
  95:main.c        ****     if (control==0)
 269              		.loc 1 95 0
 270 0026 484B     		ldr	r3, .L25+8
 271 0028 B3F90230 		ldrsh	r3, [r3, #2]
 272 002c 1BB9     		cbnz	r3, .L14
  96:main.c        ****     {
  97:main.c        ****         LCD_PrintNumber(control_manual);
 273              		.loc 1 97 0
 274 002e 464B     		ldr	r3, .L25+8
 275 0030 1888     		ldrh	r0, [r3]
 276 0032 FFF7FEFF 		bl	LCD_PrintU32Number
 277              	.LVL31:
 278              	.L14:
  98:main.c        ****     }
  99:main.c        ****     if (control==1)
 279              		.loc 1 99 0
 280 0036 444B     		ldr	r3, .L25+8
 281 0038 B3F90230 		ldrsh	r3, [r3, #2]
 282 003c 012B     		cmp	r3, #1
 283 003e 6FD1     		bne	.L15
 100:main.c        ****     /* calculo de la salida de control automático */
 101:main.c        ****     {
 102:main.c        ****         error=radio*(ref_angulo-angulo);
 284              		.loc 1 102 0
 285 0040 414C     		ldr	r4, .L25+8
 286 0042 3F4E     		ldr	r6, .L25
 287 0044 6068     		ldr	r0, [r4, #4]
 288 0046 3368     		ldr	r3, [r6]
 289 0048 C01A     		subs	r0, r0, r3
 290 004a FFF7FEFF 		bl	__aeabi_i2f
 291              	.LVL32:
 292 004e A168     		ldr	r1, [r4, #8]	@ float
 293 0050 FFF7FEFF 		bl	__aeabi_fmul
 294              	.LVL33:
 295 0054 3D4D     		ldr	r5, .L25+12
ARM GAS  C:\Users\Darwin\AppData\Local\Temp\ccK2BLZS.s 			page 8


 296 0056 2860     		str	r0, [r5]	@ float
 103:main.c        ****         Pkp=PkP*error;
 297              		.loc 1 103 0
 298 0058 2868     		ldr	r0, [r5]	@ float
 299 005a E168     		ldr	r1, [r4, #12]	@ float
 300 005c FFF7FEFF 		bl	__aeabi_fmul
 301              	.LVL34:
 302 0060 3B4F     		ldr	r7, .L25+16
 303 0062 3860     		str	r0, [r7]	@ float
 104:main.c        ****         Pki=Pki_anterior+PkI*error;
 304              		.loc 1 104 0
 305 0064 2868     		ldr	r0, [r5]	@ float
 306 0066 2169     		ldr	r1, [r4, #16]	@ float
 307 0068 FFF7FEFF 		bl	__aeabi_fmul
 308              	.LVL35:
 309 006c 7168     		ldr	r1, [r6, #4]	@ float
 310 006e FFF7FEFF 		bl	__aeabi_fadd
 311              	.LVL36:
 312 0072 384E     		ldr	r6, .L25+20
 313 0074 3060     		str	r0, [r6]	@ float
 105:main.c        ****         Pkd=PkD*(error_anterior-error)/Ts;
 314              		.loc 1 105 0
 315 0076 384B     		ldr	r3, .L25+24
 316 0078 1868     		ldr	r0, [r3]	@ float
 317 007a 2968     		ldr	r1, [r5]	@ float
 318 007c FFF7FEFF 		bl	__aeabi_fsub
 319              	.LVL37:
 320 0080 6169     		ldr	r1, [r4, #20]	@ float
 321 0082 FFF7FEFF 		bl	__aeabi_fmul
 322              	.LVL38:
 323 0086 A169     		ldr	r1, [r4, #24]	@ float
 324 0088 FFF7FEFF 		bl	__aeabi_fdiv
 325              	.LVL39:
 326 008c 334D     		ldr	r5, .L25+28
 327 008e 2860     		str	r0, [r5]	@ float
 106:main.c        ****         control_auto=165+Pkp+Pki+Pkd;
 328              		.loc 1 106 0
 329 0090 3868     		ldr	r0, [r7]	@ float
 330 0092 3349     		ldr	r1, .L25+32
 331 0094 FFF7FEFF 		bl	__aeabi_fadd
 332              	.LVL40:
 333 0098 3168     		ldr	r1, [r6]	@ float
 334 009a FFF7FEFF 		bl	__aeabi_fadd
 335              	.LVL41:
 336 009e 2968     		ldr	r1, [r5]	@ float
 337 00a0 FFF7FEFF 		bl	__aeabi_fadd
 338              	.LVL42:
 339 00a4 FFF7FEFF 		bl	__aeabi_f2iz
 340              	.LVL43:
 341 00a8 00B2     		sxth	r0, r0
 342 00aa A083     		strh	r0, [r4, #28]	@ movhi
 107:main.c        ****         /* Prevenciones (prevenciones de visualizacion en psoc)*/
 108:main.c        ****         /***Para hacer pruebas con la planta cambiar limites a 120 y 200***/
 109:main.c        ****         if(control_auto>32000){control_auto=32000;}
 343              		.loc 1 109 0
 344 00ac B0F5FA4F 		cmp	r0, #32000
 345 00b0 02DD     		ble	.L16
ARM GAS  C:\Users\Darwin\AppData\Local\Temp\ccK2BLZS.s 			page 9


 346              		.loc 1 109 0 is_stmt 0 discriminator 1
 347 00b2 4FF4FA42 		mov	r2, #32000
 348 00b6 A283     		strh	r2, [r4, #28]	@ movhi
 349              	.L16:
 110:main.c        ****         if(control_auto<0){control_auto=0;}
 350              		.loc 1 110 0 is_stmt 1
 351 00b8 234B     		ldr	r3, .L25+8
 352 00ba B3F91C30 		ldrsh	r3, [r3, #28]
 353 00be 002B     		cmp	r3, #0
 354 00c0 02DA     		bge	.L17
 355              		.loc 1 110 0 is_stmt 0 discriminator 1
 356 00c2 0022     		movs	r2, #0
 357 00c4 204B     		ldr	r3, .L25+8
 358 00c6 9A83     		strh	r2, [r3, #28]	@ movhi
 359              	.L17:
 111:main.c        ****         /**Indicador LED***/
 112:main.c        ****         if(control_auto<control_anterior){LED_Write(0);}
 360              		.loc 1 112 0 is_stmt 1
 361 00c8 1F4B     		ldr	r3, .L25+8
 362 00ca B3F91C00 		ldrsh	r0, [r3, #28]
 363 00ce FFF7FEFF 		bl	__aeabi_i2f
 364              	.LVL44:
 365 00d2 1B4B     		ldr	r3, .L25
 366 00d4 9968     		ldr	r1, [r3, #8]	@ float
 367 00d6 FFF7FEFF 		bl	__aeabi_fcmplt
 368              	.LVL45:
 369 00da 10B1     		cbz	r0, .L18
 370              		.loc 1 112 0 is_stmt 0 discriminator 1
 371 00dc 0020     		movs	r0, #0
 372 00de FFF7FEFF 		bl	LED_Write
 373              	.LVL46:
 374              	.L18:
 113:main.c        ****         if(control_auto>control_anterior){LED_Write(1);}
 375              		.loc 1 113 0 is_stmt 1
 376 00e2 194B     		ldr	r3, .L25+8
 377 00e4 B3F91C00 		ldrsh	r0, [r3, #28]
 378 00e8 FFF7FEFF 		bl	__aeabi_i2f
 379              	.LVL47:
 380 00ec 144B     		ldr	r3, .L25
 381 00ee 9968     		ldr	r1, [r3, #8]	@ float
 382 00f0 FFF7FEFF 		bl	__aeabi_fcmpgt
 383              	.LVL48:
 384 00f4 10B1     		cbz	r0, .L20
 385              		.loc 1 113 0 is_stmt 0 discriminator 1
 386 00f6 0120     		movs	r0, #1
 387 00f8 FFF7FEFF 		bl	LED_Write
 388              	.LVL49:
 389              	.L20:
 114:main.c        ****         control_anterior=control_auto;
 390              		.loc 1 114 0 is_stmt 1
 391 00fc 124B     		ldr	r3, .L25+8
 392 00fe B3F91C40 		ldrsh	r4, [r3, #28]
 393 0102 2046     		mov	r0, r4
 394 0104 FFF7FEFF 		bl	__aeabi_i2f
 395              	.LVL50:
 396 0108 0D4B     		ldr	r3, .L25
 397 010a 9860     		str	r0, [r3, #8]	@ float
ARM GAS  C:\Users\Darwin\AppData\Local\Temp\ccK2BLZS.s 			page 10


 115:main.c        ****         
 116:main.c        ****         Pki_anterior=Pki;
 398              		.loc 1 116 0
 399 010c 114A     		ldr	r2, .L25+20
 400 010e 1268     		ldr	r2, [r2]	@ float
 401 0110 5A60     		str	r2, [r3, #4]	@ float
 117:main.c        ****         error_anterior=error;
 402              		.loc 1 117 0
 403 0112 0E4B     		ldr	r3, .L25+12
 404 0114 1A68     		ldr	r2, [r3]	@ float
 405 0116 104B     		ldr	r3, .L25+24
 406 0118 1A60     		str	r2, [r3]	@ float
 118:main.c        ****         LCD_PrintNumber(control_auto);
 407              		.loc 1 118 0
 408 011a A0B2     		uxth	r0, r4
 409 011c FFF7FEFF 		bl	LCD_PrintU32Number
 410              	.LVL51:
 411              	.L15:
 119:main.c        ****     }
 120:main.c        ****     LCD_Position(1,0);
 412              		.loc 1 120 0
 413 0120 0021     		movs	r1, #0
 414 0122 0120     		movs	r0, #1
 415 0124 FFF7FEFF 		bl	LCD_Position
 416              	.LVL52:
 121:main.c        ****     LCD_PrintString("angulo:");
 417              		.loc 1 121 0
 418 0128 0E48     		ldr	r0, .L25+36
 419 012a FFF7FEFF 		bl	LCD_PrintString
 420              	.LVL53:
 122:main.c        ****     LCD_Position(1,10);
 421              		.loc 1 122 0
 422 012e 0A21     		movs	r1, #10
 423 0130 0120     		movs	r0, #1
 424 0132 FFF7FEFF 		bl	LCD_Position
 425              	.LVL54:
 123:main.c        ****     LCD_PrintNumber(angulo);
 426              		.loc 1 123 0
 427 0136 024B     		ldr	r3, .L25
 428 0138 1888     		ldrh	r0, [r3]
 429 013a FFF7FEFF 		bl	LCD_PrintU32Number
 430              	.LVL55:
 431 013e F8BD     		pop	{r3, r4, r5, r6, r7, pc}
 432              	.L26:
 433              		.align	2
 434              	.L25:
 435 0140 00000000 		.word	.LANCHOR1
 436 0144 00000000 		.word	.LC0
 437 0148 00000000 		.word	.LANCHOR0
 438 014c 00000000 		.word	error
 439 0150 00000000 		.word	Pkp
 440 0154 00000000 		.word	Pki
 441 0158 00000000 		.word	error_anterior
 442 015c 00000000 		.word	Pkd
 443 0160 00002543 		.word	1126498304
 444 0164 0C000000 		.word	.LC1
 445              		.cfi_endproc
ARM GAS  C:\Users\Darwin\AppData\Local\Temp\ccK2BLZS.s 			page 11


 446              	.LFE65:
 447              		.size	Muestreo, .-Muestreo
 448              		.section	.text.main,"ax",%progbits
 449              		.align	2
 450              		.global	main
 451              		.thumb
 452              		.thumb_func
 453              		.type	main, %function
 454              	main:
 455              	.LFB66:
 124:main.c        ****     
 125:main.c        **** }
 126:main.c        **** 
 127:main.c        **** int main(void)
 128:main.c        **** {
 456              		.loc 1 128 0
 457              		.cfi_startproc
 458              		@ Volatile: function does not return.
 459              		@ args = 0, pretend = 0, frame = 0
 460              		@ frame_needed = 0, uses_anonymous_args = 0
 461 0000 08B5     		push	{r3, lr}
 462              		.cfi_def_cfa_offset 8
 463              		.cfi_offset 3, -8
 464              		.cfi_offset 14, -4
 129:main.c        ****     PWM_Motor_Start();
 465              		.loc 1 129 0
 466 0002 FFF7FEFF 		bl	PWM_Motor_Start
 467              	.LVL56:
 130:main.c        ****     LCD_Start();
 468              		.loc 1 130 0
 469 0006 FFF7FEFF 		bl	LCD_Start
 470              	.LVL57:
 131:main.c        ****     timer_clock_Start();
 471              		.loc 1 131 0
 472 000a FFF7FEFF 		bl	timer_clock_Start
 473              	.LVL58:
 132:main.c        ****     QuadDec_Start();
 474              		.loc 1 132 0
 475 000e FFF7FEFF 		bl	QuadDec_Start
 476              	.LVL59:
 133:main.c        ****     Timer_Start();
 477              		.loc 1 133 0
 478 0012 FFF7FEFF 		bl	Timer_Start
 479              	.LVL60:
 134:main.c        ****     
 135:main.c        **** 
 136:main.c        ****     
 137:main.c        ****     /*QuadDec_SetCounter(0);*/
 138:main.c        ****     
 139:main.c        ****     LCD_Position(0,0);
 480              		.loc 1 139 0
 481 0016 0021     		movs	r1, #0
 482 0018 0846     		mov	r0, r1
 483 001a FFF7FEFF 		bl	LCD_Position
 484              	.LVL61:
 140:main.c        ****     LCD_PrintString("control:");
 485              		.loc 1 140 0
ARM GAS  C:\Users\Darwin\AppData\Local\Temp\ccK2BLZS.s 			page 12


 486 001e 1948     		ldr	r0, .L32
 487 0020 FFF7FEFF 		bl	LCD_PrintString
 488              	.LVL62:
 141:main.c        ****     LCD_Position(0,10);
 489              		.loc 1 141 0
 490 0024 0A21     		movs	r1, #10
 491 0026 0020     		movs	r0, #0
 492 0028 FFF7FEFF 		bl	LCD_Position
 493              	.LVL63:
 142:main.c        ****     if (control==0)
 494              		.loc 1 142 0
 495 002c 164B     		ldr	r3, .L32+4
 496 002e B3F90230 		ldrsh	r3, [r3, #2]
 497 0032 1BB9     		cbnz	r3, .L28
 143:main.c        ****     {
 144:main.c        ****         LCD_PrintNumber(control_manual);
 498              		.loc 1 144 0
 499 0034 144B     		ldr	r3, .L32+4
 500 0036 1888     		ldrh	r0, [r3]
 501 0038 FFF7FEFF 		bl	LCD_PrintU32Number
 502              	.LVL64:
 503              	.L28:
 145:main.c        ****     }
 146:main.c        ****     if (control==1)
 504              		.loc 1 146 0
 505 003c 124B     		ldr	r3, .L32+4
 506 003e B3F90230 		ldrsh	r3, [r3, #2]
 507 0042 012B     		cmp	r3, #1
 508 0044 03D1     		bne	.L29
 147:main.c        ****     {
 148:main.c        ****         LCD_PrintNumber(control_auto);
 509              		.loc 1 148 0
 510 0046 104B     		ldr	r3, .L32+4
 511 0048 988B     		ldrh	r0, [r3, #28]
 512 004a FFF7FEFF 		bl	LCD_PrintU32Number
 513              	.LVL65:
 514              	.L29:
 149:main.c        ****     }
 150:main.c        ****     LCD_Position(1,0);
 515              		.loc 1 150 0
 516 004e 0021     		movs	r1, #0
 517 0050 0120     		movs	r0, #1
 518 0052 FFF7FEFF 		bl	LCD_Position
 519              	.LVL66:
 151:main.c        ****     LCD_PrintString("angulo:");
 520              		.loc 1 151 0
 521 0056 0D48     		ldr	r0, .L32+8
 522 0058 FFF7FEFF 		bl	LCD_PrintString
 523              	.LVL67:
 152:main.c        ****     LCD_Position(1,10);
 524              		.loc 1 152 0
 525 005c 0A21     		movs	r1, #10
 526 005e 0120     		movs	r0, #1
 527 0060 FFF7FEFF 		bl	LCD_Position
 528              	.LVL68:
 153:main.c        ****     LCD_PrintNumber(angulo);
 529              		.loc 1 153 0
ARM GAS  C:\Users\Darwin\AppData\Local\Temp\ccK2BLZS.s 			page 13


 530 0064 0A4B     		ldr	r3, .L32+12
 531 0066 1888     		ldrh	r0, [r3]
 532 0068 FFF7FEFF 		bl	LCD_PrintU32Number
 533              	.LVL69:
 154:main.c        ****     
 155:main.c        ****     CyGlobalIntEnable; /* Enable global interrupts. */
 534              		.loc 1 155 0
 535              		.syntax unified
 536              	@ 155 "main.c" 1
 537 006c 62B6     		CPSIE   i
 538              	@ 0 "" 2
 156:main.c        ****     
 157:main.c        ****     isr_Aumentar_StartEx(AumentarInt);
 539              		.loc 1 157 0
 540              		.thumb
 541              		.syntax unified
 542 006e 0948     		ldr	r0, .L32+16
 543 0070 FFF7FEFF 		bl	isr_Aumentar_StartEx
 544              	.LVL70:
 158:main.c        ****     isr_Disminuir_StartEx(DisminuirInt);
 545              		.loc 1 158 0
 546 0074 0848     		ldr	r0, .L32+20
 547 0076 FFF7FEFF 		bl	isr_Disminuir_StartEx
 548              	.LVL71:
 159:main.c        ****     isr_Ts_StartEx(Muestreo);
 549              		.loc 1 159 0
 550 007a 0848     		ldr	r0, .L32+24
 551 007c FFF7FEFF 		bl	isr_Ts_StartEx
 552              	.LVL72:
 553              	.L30:
 554 0080 FEE7     		b	.L30
 555              	.L33:
 556 0082 00BF     		.align	2
 557              	.L32:
 558 0084 00000000 		.word	.LC0
 559 0088 00000000 		.word	.LANCHOR0
 560 008c 0C000000 		.word	.LC1
 561 0090 00000000 		.word	.LANCHOR1
 562 0094 00000000 		.word	AumentarInt
 563 0098 00000000 		.word	DisminuirInt
 564 009c 00000000 		.word	Muestreo
 565              		.cfi_endproc
 566              	.LFE66:
 567              		.size	main, .-main
 568              		.global	Pki_anterior
 569              		.comm	Pkd,4,4
 570              		.comm	Pki,4,4
 571              		.comm	Pkp,4,4
 572              		.comm	error_anterior,4,4
 573              		.comm	error,4,4
 574              		.global	PkD
 575              		.global	PkI
 576              		.global	PkP
 577              		.global	radio
 578              		.global	control
 579              		.global	ref_angulo
 580              		.global	angulo
ARM GAS  C:\Users\Darwin\AppData\Local\Temp\ccK2BLZS.s 			page 14


 581              		.global	control_anterior
 582              		.global	control_auto
 583              		.global	control_manual
 584              		.global	Ts
 585              		.data
 586              		.align	2
 587              		.set	.LANCHOR0,. + 0
 588              		.type	control_manual, %object
 589              		.size	control_manual, 2
 590              	control_manual:
 591 0000 7800     		.short	120
 592              		.type	control, %object
 593              		.size	control, 2
 594              	control:
 595 0002 0100     		.short	1
 596              		.type	ref_angulo, %object
 597              		.size	ref_angulo, 4
 598              	ref_angulo:
 599 0004 51000000 		.word	81
 600              		.type	radio, %object
 601              		.size	radio, 4
 602              	radio:
 603 0008 CDCCCC3D 		.word	1036831949
 604              		.type	PkP, %object
 605              		.size	PkP, 4
 606              	PkP:
 607 000c 9A99993E 		.word	1050253722
 608              		.type	PkI, %object
 609              		.size	PkI, 4
 610              	PkI:
 611 0010 6F12833A 		.word	981668463
 612              		.type	PkD, %object
 613              		.size	PkD, 4
 614              	PkD:
 615 0014 00007A44 		.word	1148846080
 616              		.type	Ts, %object
 617              		.size	Ts, 4
 618              	Ts:
 619 0018 0AD7233C 		.word	1008981770
 620              		.type	control_auto, %object
 621              		.size	control_auto, 2
 622              	control_auto:
 623 001c 6400     		.short	100
 624              		.section	.rodata.str1.4,"aMS",%progbits,1
 625              		.align	2
 626              	.LC0:
 627 0000 636F6E74 		.ascii	"control:\000"
 627      726F6C3A 
 627      00
 628 0009 000000   		.space	3
 629              	.LC1:
 630 000c 616E6775 		.ascii	"angulo:\000"
 630      6C6F3A00 
 631              		.bss
 632              		.align	2
 633              		.set	.LANCHOR1,. + 0
 634              		.type	angulo, %object
ARM GAS  C:\Users\Darwin\AppData\Local\Temp\ccK2BLZS.s 			page 15


 635              		.size	angulo, 4
 636              	angulo:
 637 0000 00000000 		.space	4
 638              		.type	Pki_anterior, %object
 639              		.size	Pki_anterior, 4
 640              	Pki_anterior:
 641 0004 00000000 		.space	4
 642              		.type	control_anterior, %object
 643              		.size	control_anterior, 4
 644              	control_anterior:
 645 0008 00000000 		.space	4
 646              		.text
 647              	.Letext0:
 648              		.file 2 "c:\\program files (x86)\\cypress\\psoc creator\\4.2\\psoc creator\\import\\gnu\\arm\\5.4.
 649              		.file 3 "c:\\program files (x86)\\cypress\\psoc creator\\4.2\\psoc creator\\import\\gnu\\arm\\5.4.
 650              		.file 4 "Generated_Source\\PSoC5/cytypes.h"
 651              		.file 5 "Generated_Source\\PSoC5/core_cm3.h"
 652              		.file 6 "Generated_Source\\PSoC5/PWM_Motor.h"
 653              		.file 7 "Generated_Source\\PSoC5/Reset_PWM.h"
 654              		.file 8 "Generated_Source\\PSoC5/LED.h"
 655              		.file 9 "Generated_Source\\PSoC5/LCD.h"
 656              		.file 10 "Generated_Source\\PSoC5/QuadDec.h"
 657              		.file 11 "Generated_Source\\PSoC5/timer_clock.h"
 658              		.file 12 "Generated_Source\\PSoC5/Timer.h"
 659              		.file 13 "Generated_Source\\PSoC5/isr_Aumentar.h"
 660              		.file 14 "Generated_Source\\PSoC5/isr_Disminuir.h"
 661              		.file 15 "Generated_Source\\PSoC5/isr_Ts.h"
 662              		.section	.debug_info,"",%progbits
 663              	.Ldebug_info0:
 664 0000 F6060000 		.4byte	0x6f6
 665 0004 0400     		.2byte	0x4
 666 0006 00000000 		.4byte	.Ldebug_abbrev0
 667 000a 04       		.byte	0x4
 668 000b 01       		.uleb128 0x1
 669 000c 82000000 		.4byte	.LASF48
 670 0010 0C       		.byte	0xc
 671 0011 E7020000 		.4byte	.LASF49
 672 0015 1C020000 		.4byte	.LASF50
 673 0019 00000000 		.4byte	.Ldebug_ranges0+0
 674 001d 00000000 		.4byte	0
 675 0021 00000000 		.4byte	.Ldebug_line0
 676 0025 02       		.uleb128 0x2
 677 0026 01       		.byte	0x1
 678 0027 06       		.byte	0x6
 679 0028 32030000 		.4byte	.LASF0
 680 002c 02       		.uleb128 0x2
 681 002d 01       		.byte	0x1
 682 002e 08       		.byte	0x8
 683 002f 9C010000 		.4byte	.LASF1
 684 0033 02       		.uleb128 0x2
 685 0034 02       		.byte	0x2
 686 0035 05       		.byte	0x5
 687 0036 04030000 		.4byte	.LASF2
 688 003a 02       		.uleb128 0x2
 689 003b 02       		.byte	0x2
 690 003c 07       		.byte	0x7
 691 003d 35010000 		.4byte	.LASF3
ARM GAS  C:\Users\Darwin\AppData\Local\Temp\ccK2BLZS.s 			page 16


 692 0041 03       		.uleb128 0x3
 693 0042 20000000 		.4byte	.LASF9
 694 0046 02       		.byte	0x2
 695 0047 3F       		.byte	0x3f
 696 0048 4C000000 		.4byte	0x4c
 697 004c 02       		.uleb128 0x2
 698 004d 04       		.byte	0x4
 699 004e 05       		.byte	0x5
 700 004f 1D030000 		.4byte	.LASF4
 701 0053 02       		.uleb128 0x2
 702 0054 04       		.byte	0x4
 703 0055 07       		.byte	0x7
 704 0056 23010000 		.4byte	.LASF5
 705 005a 02       		.uleb128 0x2
 706 005b 08       		.byte	0x8
 707 005c 05       		.byte	0x5
 708 005d D9020000 		.4byte	.LASF6
 709 0061 02       		.uleb128 0x2
 710 0062 08       		.byte	0x8
 711 0063 07       		.byte	0x7
 712 0064 80020000 		.4byte	.LASF7
 713 0068 04       		.uleb128 0x4
 714 0069 04       		.byte	0x4
 715 006a 05       		.byte	0x5
 716 006b 696E7400 		.ascii	"int\000"
 717 006f 02       		.uleb128 0x2
 718 0070 04       		.byte	0x4
 719 0071 07       		.byte	0x7
 720 0072 73020000 		.4byte	.LASF8
 721 0076 03       		.uleb128 0x3
 722 0077 C2020000 		.4byte	.LASF10
 723 007b 03       		.byte	0x3
 724 007c 2C       		.byte	0x2c
 725 007d 41000000 		.4byte	0x41
 726 0081 05       		.uleb128 0x5
 727 0082 C9010000 		.4byte	.LASF11
 728 0086 04       		.byte	0x4
 729 0087 E501     		.2byte	0x1e5
 730 0089 3A000000 		.4byte	0x3a
 731 008d 05       		.uleb128 0x5
 732 008e 1D010000 		.4byte	.LASF12
 733 0092 04       		.byte	0x4
 734 0093 E801     		.2byte	0x1e8
 735 0095 33000000 		.4byte	0x33
 736 0099 02       		.uleb128 0x2
 737 009a 04       		.byte	0x4
 738 009b 04       		.byte	0x4
 739 009c 5D000000 		.4byte	.LASF13
 740 00a0 02       		.uleb128 0x2
 741 00a1 08       		.byte	0x8
 742 00a2 04       		.byte	0x4
 743 00a3 37000000 		.4byte	.LASF14
 744 00a7 02       		.uleb128 0x2
 745 00a8 01       		.byte	0x1
 746 00a9 08       		.byte	0x8
 747 00aa EE020000 		.4byte	.LASF15
 748 00ae 02       		.uleb128 0x2
ARM GAS  C:\Users\Darwin\AppData\Local\Temp\ccK2BLZS.s 			page 17


 749 00af 08       		.byte	0x8
 750 00b0 04       		.byte	0x4
 751 00b1 26030000 		.4byte	.LASF16
 752 00b5 02       		.uleb128 0x2
 753 00b6 04       		.byte	0x4
 754 00b7 07       		.byte	0x7
 755 00b8 CA020000 		.4byte	.LASF17
 756 00bc 06       		.uleb128 0x6
 757 00bd D0010000 		.4byte	.LASF18
 758 00c1 01       		.byte	0x1
 759 00c2 22       		.byte	0x22
 760 00c3 00000000 		.4byte	.LFB63
 761 00c7 80000000 		.4byte	.LFE63-.LFB63
 762 00cb 01       		.uleb128 0x1
 763 00cc 9C       		.byte	0x9c
 764 00cd C7010000 		.4byte	0x1c7
 765 00d1 07       		.uleb128 0x7
 766 00d2 18000000 		.4byte	.LVL0
 767 00d6 49060000 		.4byte	0x649
 768 00da 08       		.uleb128 0x8
 769 00db 1E000000 		.4byte	.LVL1
 770 00df 54060000 		.4byte	0x654
 771 00e3 ED000000 		.4byte	0xed
 772 00e7 09       		.uleb128 0x9
 773 00e8 01       		.uleb128 0x1
 774 00e9 50       		.byte	0x50
 775 00ea 01       		.uleb128 0x1
 776 00eb 31       		.byte	0x31
 777 00ec 00       		.byte	0
 778 00ed 08       		.uleb128 0x8
 779 00ee 24000000 		.4byte	.LVL2
 780 00f2 54060000 		.4byte	0x654
 781 00f6 00010000 		.4byte	0x100
 782 00fa 09       		.uleb128 0x9
 783 00fb 01       		.uleb128 0x1
 784 00fc 50       		.byte	0x50
 785 00fd 01       		.uleb128 0x1
 786 00fe 30       		.byte	0x30
 787 00ff 00       		.byte	0
 788 0100 08       		.uleb128 0x8
 789 0101 2A000000 		.4byte	.LVL3
 790 0105 5F060000 		.4byte	0x65f
 791 0109 13010000 		.4byte	0x113
 792 010d 09       		.uleb128 0x9
 793 010e 01       		.uleb128 0x1
 794 010f 50       		.byte	0x50
 795 0110 01       		.uleb128 0x1
 796 0111 31       		.byte	0x31
 797 0112 00       		.byte	0
 798 0113 08       		.uleb128 0x8
 799 0114 30000000 		.4byte	.LVL4
 800 0118 6A060000 		.4byte	0x66a
 801 011c 26010000 		.4byte	0x126
 802 0120 09       		.uleb128 0x9
 803 0121 01       		.uleb128 0x1
 804 0122 50       		.byte	0x50
 805 0123 01       		.uleb128 0x1
ARM GAS  C:\Users\Darwin\AppData\Local\Temp\ccK2BLZS.s 			page 18


 806 0124 31       		.byte	0x31
 807 0125 00       		.byte	0
 808 0126 08       		.uleb128 0x8
 809 0127 38000000 		.4byte	.LVL5
 810 012b 75060000 		.4byte	0x675
 811 012f 3E010000 		.4byte	0x13e
 812 0133 09       		.uleb128 0x9
 813 0134 01       		.uleb128 0x1
 814 0135 50       		.byte	0x50
 815 0136 01       		.uleb128 0x1
 816 0137 30       		.byte	0x30
 817 0138 09       		.uleb128 0x9
 818 0139 01       		.uleb128 0x1
 819 013a 51       		.byte	0x51
 820 013b 01       		.uleb128 0x1
 821 013c 30       		.byte	0x30
 822 013d 00       		.byte	0
 823 013e 08       		.uleb128 0x8
 824 013f 3E000000 		.4byte	.LVL6
 825 0143 80060000 		.4byte	0x680
 826 0147 55010000 		.4byte	0x155
 827 014b 09       		.uleb128 0x9
 828 014c 01       		.uleb128 0x1
 829 014d 50       		.byte	0x50
 830 014e 05       		.uleb128 0x5
 831 014f 03       		.byte	0x3
 832 0150 00000000 		.4byte	.LC0
 833 0154 00       		.byte	0
 834 0155 08       		.uleb128 0x8
 835 0156 46000000 		.4byte	.LVL7
 836 015a 75060000 		.4byte	0x675
 837 015e 6D010000 		.4byte	0x16d
 838 0162 09       		.uleb128 0x9
 839 0163 01       		.uleb128 0x1
 840 0164 50       		.byte	0x50
 841 0165 01       		.uleb128 0x1
 842 0166 30       		.byte	0x30
 843 0167 09       		.uleb128 0x9
 844 0168 01       		.uleb128 0x1
 845 0169 51       		.byte	0x51
 846 016a 01       		.uleb128 0x1
 847 016b 3A       		.byte	0x3a
 848 016c 00       		.byte	0
 849 016d 07       		.uleb128 0x7
 850 016e 4C000000 		.4byte	.LVL8
 851 0172 8B060000 		.4byte	0x68b
 852 0176 08       		.uleb128 0x8
 853 0177 54000000 		.4byte	.LVL9
 854 017b 75060000 		.4byte	0x675
 855 017f 8E010000 		.4byte	0x18e
 856 0183 09       		.uleb128 0x9
 857 0184 01       		.uleb128 0x1
 858 0185 50       		.byte	0x50
 859 0186 01       		.uleb128 0x1
 860 0187 31       		.byte	0x31
 861 0188 09       		.uleb128 0x9
 862 0189 01       		.uleb128 0x1
ARM GAS  C:\Users\Darwin\AppData\Local\Temp\ccK2BLZS.s 			page 19


 863 018a 51       		.byte	0x51
 864 018b 01       		.uleb128 0x1
 865 018c 30       		.byte	0x30
 866 018d 00       		.byte	0
 867 018e 08       		.uleb128 0x8
 868 018f 5A000000 		.4byte	.LVL10
 869 0193 80060000 		.4byte	0x680
 870 0197 A5010000 		.4byte	0x1a5
 871 019b 09       		.uleb128 0x9
 872 019c 01       		.uleb128 0x1
 873 019d 50       		.byte	0x50
 874 019e 05       		.uleb128 0x5
 875 019f 03       		.byte	0x3
 876 01a0 0C000000 		.4byte	.LC1
 877 01a4 00       		.byte	0
 878 01a5 08       		.uleb128 0x8
 879 01a6 62000000 		.4byte	.LVL11
 880 01aa 75060000 		.4byte	0x675
 881 01ae BD010000 		.4byte	0x1bd
 882 01b2 09       		.uleb128 0x9
 883 01b3 01       		.uleb128 0x1
 884 01b4 50       		.byte	0x50
 885 01b5 01       		.uleb128 0x1
 886 01b6 31       		.byte	0x31
 887 01b7 09       		.uleb128 0x9
 888 01b8 01       		.uleb128 0x1
 889 01b9 51       		.byte	0x51
 890 01ba 01       		.uleb128 0x1
 891 01bb 3A       		.byte	0x3a
 892 01bc 00       		.byte	0
 893 01bd 07       		.uleb128 0x7
 894 01be 6A000000 		.4byte	.LVL12
 895 01c2 8B060000 		.4byte	0x68b
 896 01c6 00       		.byte	0
 897 01c7 06       		.uleb128 0x6
 898 01c8 2A000000 		.4byte	.LASF19
 899 01cc 01       		.byte	0x1
 900 01cd 3C       		.byte	0x3c
 901 01ce 00000000 		.4byte	.LFB64
 902 01d2 80000000 		.4byte	.LFE64-.LFB64
 903 01d6 01       		.uleb128 0x1
 904 01d7 9C       		.byte	0x9c
 905 01d8 D2020000 		.4byte	0x2d2
 906 01dc 07       		.uleb128 0x7
 907 01dd 18000000 		.4byte	.LVL13
 908 01e1 49060000 		.4byte	0x649
 909 01e5 08       		.uleb128 0x8
 910 01e6 1E000000 		.4byte	.LVL14
 911 01ea 54060000 		.4byte	0x654
 912 01ee F8010000 		.4byte	0x1f8
 913 01f2 09       		.uleb128 0x9
 914 01f3 01       		.uleb128 0x1
 915 01f4 50       		.byte	0x50
 916 01f5 01       		.uleb128 0x1
 917 01f6 31       		.byte	0x31
 918 01f7 00       		.byte	0
 919 01f8 08       		.uleb128 0x8
ARM GAS  C:\Users\Darwin\AppData\Local\Temp\ccK2BLZS.s 			page 20


 920 01f9 24000000 		.4byte	.LVL15
 921 01fd 54060000 		.4byte	0x654
 922 0201 0B020000 		.4byte	0x20b
 923 0205 09       		.uleb128 0x9
 924 0206 01       		.uleb128 0x1
 925 0207 50       		.byte	0x50
 926 0208 01       		.uleb128 0x1
 927 0209 30       		.byte	0x30
 928 020a 00       		.byte	0
 929 020b 08       		.uleb128 0x8
 930 020c 2A000000 		.4byte	.LVL16
 931 0210 5F060000 		.4byte	0x65f
 932 0214 1E020000 		.4byte	0x21e
 933 0218 09       		.uleb128 0x9
 934 0219 01       		.uleb128 0x1
 935 021a 50       		.byte	0x50
 936 021b 01       		.uleb128 0x1
 937 021c 30       		.byte	0x30
 938 021d 00       		.byte	0
 939 021e 08       		.uleb128 0x8
 940 021f 30000000 		.4byte	.LVL17
 941 0223 6A060000 		.4byte	0x66a
 942 0227 31020000 		.4byte	0x231
 943 022b 09       		.uleb128 0x9
 944 022c 01       		.uleb128 0x1
 945 022d 50       		.byte	0x50
 946 022e 01       		.uleb128 0x1
 947 022f 31       		.byte	0x31
 948 0230 00       		.byte	0
 949 0231 08       		.uleb128 0x8
 950 0232 38000000 		.4byte	.LVL18
 951 0236 75060000 		.4byte	0x675
 952 023a 49020000 		.4byte	0x249
 953 023e 09       		.uleb128 0x9
 954 023f 01       		.uleb128 0x1
 955 0240 50       		.byte	0x50
 956 0241 01       		.uleb128 0x1
 957 0242 30       		.byte	0x30
 958 0243 09       		.uleb128 0x9
 959 0244 01       		.uleb128 0x1
 960 0245 51       		.byte	0x51
 961 0246 01       		.uleb128 0x1
 962 0247 30       		.byte	0x30
 963 0248 00       		.byte	0
 964 0249 08       		.uleb128 0x8
 965 024a 3E000000 		.4byte	.LVL19
 966 024e 80060000 		.4byte	0x680
 967 0252 60020000 		.4byte	0x260
 968 0256 09       		.uleb128 0x9
 969 0257 01       		.uleb128 0x1
 970 0258 50       		.byte	0x50
 971 0259 05       		.uleb128 0x5
 972 025a 03       		.byte	0x3
 973 025b 00000000 		.4byte	.LC0
 974 025f 00       		.byte	0
 975 0260 08       		.uleb128 0x8
 976 0261 46000000 		.4byte	.LVL20
ARM GAS  C:\Users\Darwin\AppData\Local\Temp\ccK2BLZS.s 			page 21


 977 0265 75060000 		.4byte	0x675
 978 0269 78020000 		.4byte	0x278
 979 026d 09       		.uleb128 0x9
 980 026e 01       		.uleb128 0x1
 981 026f 50       		.byte	0x50
 982 0270 01       		.uleb128 0x1
 983 0271 30       		.byte	0x30
 984 0272 09       		.uleb128 0x9
 985 0273 01       		.uleb128 0x1
 986 0274 51       		.byte	0x51
 987 0275 01       		.uleb128 0x1
 988 0276 3A       		.byte	0x3a
 989 0277 00       		.byte	0
 990 0278 07       		.uleb128 0x7
 991 0279 4C000000 		.4byte	.LVL21
 992 027d 8B060000 		.4byte	0x68b
 993 0281 08       		.uleb128 0x8
 994 0282 54000000 		.4byte	.LVL22
 995 0286 75060000 		.4byte	0x675
 996 028a 99020000 		.4byte	0x299
 997 028e 09       		.uleb128 0x9
 998 028f 01       		.uleb128 0x1
 999 0290 50       		.byte	0x50
 1000 0291 01       		.uleb128 0x1
 1001 0292 31       		.byte	0x31
 1002 0293 09       		.uleb128 0x9
 1003 0294 01       		.uleb128 0x1
 1004 0295 51       		.byte	0x51
 1005 0296 01       		.uleb128 0x1
 1006 0297 30       		.byte	0x30
 1007 0298 00       		.byte	0
 1008 0299 08       		.uleb128 0x8
 1009 029a 5A000000 		.4byte	.LVL23
 1010 029e 80060000 		.4byte	0x680
 1011 02a2 B0020000 		.4byte	0x2b0
 1012 02a6 09       		.uleb128 0x9
 1013 02a7 01       		.uleb128 0x1
 1014 02a8 50       		.byte	0x50
 1015 02a9 05       		.uleb128 0x5
 1016 02aa 03       		.byte	0x3
 1017 02ab 0C000000 		.4byte	.LC1
 1018 02af 00       		.byte	0
 1019 02b0 08       		.uleb128 0x8
 1020 02b1 62000000 		.4byte	.LVL24
 1021 02b5 75060000 		.4byte	0x675
 1022 02b9 C8020000 		.4byte	0x2c8
 1023 02bd 09       		.uleb128 0x9
 1024 02be 01       		.uleb128 0x1
 1025 02bf 50       		.byte	0x50
 1026 02c0 01       		.uleb128 0x1
 1027 02c1 31       		.byte	0x31
 1028 02c2 09       		.uleb128 0x9
 1029 02c3 01       		.uleb128 0x1
 1030 02c4 51       		.byte	0x51
 1031 02c5 01       		.uleb128 0x1
 1032 02c6 3A       		.byte	0x3a
 1033 02c7 00       		.byte	0
ARM GAS  C:\Users\Darwin\AppData\Local\Temp\ccK2BLZS.s 			page 22


 1034 02c8 07       		.uleb128 0x7
 1035 02c9 6A000000 		.4byte	.LVL25
 1036 02cd 8B060000 		.4byte	0x68b
 1037 02d1 00       		.byte	0
 1038 02d2 0A       		.uleb128 0xa
 1039 02d3 E1010000 		.4byte	.LASF20
 1040 02d7 01       		.byte	0x1
 1041 02d8 55       		.byte	0x55
 1042 02d9 00000000 		.4byte	.LFB65
 1043 02dd 68010000 		.4byte	.LFE65-.LFB65
 1044 02e1 01       		.uleb128 0x1
 1045 02e2 9C       		.byte	0x9c
 1046 02e3 E2030000 		.4byte	0x3e2
 1047 02e7 07       		.uleb128 0x7
 1048 02e8 06000000 		.4byte	.LVL26
 1049 02ec 96060000 		.4byte	0x696
 1050 02f0 08       		.uleb128 0x8
 1051 02f1 10000000 		.4byte	.LVL27
 1052 02f5 6A060000 		.4byte	0x66a
 1053 02f9 03030000 		.4byte	0x303
 1054 02fd 09       		.uleb128 0x9
 1055 02fe 01       		.uleb128 0x1
 1056 02ff 50       		.byte	0x50
 1057 0300 01       		.uleb128 0x1
 1058 0301 31       		.byte	0x31
 1059 0302 00       		.byte	0
 1060 0303 08       		.uleb128 0x8
 1061 0304 18000000 		.4byte	.LVL28
 1062 0308 75060000 		.4byte	0x675
 1063 030c 1B030000 		.4byte	0x31b
 1064 0310 09       		.uleb128 0x9
 1065 0311 01       		.uleb128 0x1
 1066 0312 50       		.byte	0x50
 1067 0313 01       		.uleb128 0x1
 1068 0314 30       		.byte	0x30
 1069 0315 09       		.uleb128 0x9
 1070 0316 01       		.uleb128 0x1
 1071 0317 51       		.byte	0x51
 1072 0318 01       		.uleb128 0x1
 1073 0319 30       		.byte	0x30
 1074 031a 00       		.byte	0
 1075 031b 08       		.uleb128 0x8
 1076 031c 1E000000 		.4byte	.LVL29
 1077 0320 80060000 		.4byte	0x680
 1078 0324 32030000 		.4byte	0x332
 1079 0328 09       		.uleb128 0x9
 1080 0329 01       		.uleb128 0x1
 1081 032a 50       		.byte	0x50
 1082 032b 05       		.uleb128 0x5
 1083 032c 03       		.byte	0x3
 1084 032d 00000000 		.4byte	.LC0
 1085 0331 00       		.byte	0
 1086 0332 08       		.uleb128 0x8
 1087 0333 26000000 		.4byte	.LVL30
 1088 0337 75060000 		.4byte	0x675
 1089 033b 4A030000 		.4byte	0x34a
 1090 033f 09       		.uleb128 0x9
ARM GAS  C:\Users\Darwin\AppData\Local\Temp\ccK2BLZS.s 			page 23


 1091 0340 01       		.uleb128 0x1
 1092 0341 50       		.byte	0x50
 1093 0342 01       		.uleb128 0x1
 1094 0343 30       		.byte	0x30
 1095 0344 09       		.uleb128 0x9
 1096 0345 01       		.uleb128 0x1
 1097 0346 51       		.byte	0x51
 1098 0347 01       		.uleb128 0x1
 1099 0348 3A       		.byte	0x3a
 1100 0349 00       		.byte	0
 1101 034a 07       		.uleb128 0x7
 1102 034b 36000000 		.4byte	.LVL31
 1103 034f 8B060000 		.4byte	0x68b
 1104 0353 08       		.uleb128 0x8
 1105 0354 E2000000 		.4byte	.LVL46
 1106 0358 5F060000 		.4byte	0x65f
 1107 035c 66030000 		.4byte	0x366
 1108 0360 09       		.uleb128 0x9
 1109 0361 01       		.uleb128 0x1
 1110 0362 50       		.byte	0x50
 1111 0363 01       		.uleb128 0x1
 1112 0364 30       		.byte	0x30
 1113 0365 00       		.byte	0
 1114 0366 08       		.uleb128 0x8
 1115 0367 FC000000 		.4byte	.LVL49
 1116 036b 5F060000 		.4byte	0x65f
 1117 036f 79030000 		.4byte	0x379
 1118 0373 09       		.uleb128 0x9
 1119 0374 01       		.uleb128 0x1
 1120 0375 50       		.byte	0x50
 1121 0376 01       		.uleb128 0x1
 1122 0377 31       		.byte	0x31
 1123 0378 00       		.byte	0
 1124 0379 08       		.uleb128 0x8
 1125 037a 20010000 		.4byte	.LVL51
 1126 037e 8B060000 		.4byte	0x68b
 1127 0382 91030000 		.4byte	0x391
 1128 0386 09       		.uleb128 0x9
 1129 0387 01       		.uleb128 0x1
 1130 0388 50       		.byte	0x50
 1131 0389 06       		.uleb128 0x6
 1132 038a 74       		.byte	0x74
 1133 038b 00       		.sleb128 0
 1134 038c 0A       		.byte	0xa
 1135 038d FFFF     		.2byte	0xffff
 1136 038f 1A       		.byte	0x1a
 1137 0390 00       		.byte	0
 1138 0391 08       		.uleb128 0x8
 1139 0392 28010000 		.4byte	.LVL52
 1140 0396 75060000 		.4byte	0x675
 1141 039a A9030000 		.4byte	0x3a9
 1142 039e 09       		.uleb128 0x9
 1143 039f 01       		.uleb128 0x1
 1144 03a0 50       		.byte	0x50
 1145 03a1 01       		.uleb128 0x1
 1146 03a2 31       		.byte	0x31
 1147 03a3 09       		.uleb128 0x9
ARM GAS  C:\Users\Darwin\AppData\Local\Temp\ccK2BLZS.s 			page 24


 1148 03a4 01       		.uleb128 0x1
 1149 03a5 51       		.byte	0x51
 1150 03a6 01       		.uleb128 0x1
 1151 03a7 30       		.byte	0x30
 1152 03a8 00       		.byte	0
 1153 03a9 08       		.uleb128 0x8
 1154 03aa 2E010000 		.4byte	.LVL53
 1155 03ae 80060000 		.4byte	0x680
 1156 03b2 C0030000 		.4byte	0x3c0
 1157 03b6 09       		.uleb128 0x9
 1158 03b7 01       		.uleb128 0x1
 1159 03b8 50       		.byte	0x50
 1160 03b9 05       		.uleb128 0x5
 1161 03ba 03       		.byte	0x3
 1162 03bb 0C000000 		.4byte	.LC1
 1163 03bf 00       		.byte	0
 1164 03c0 08       		.uleb128 0x8
 1165 03c1 36010000 		.4byte	.LVL54
 1166 03c5 75060000 		.4byte	0x675
 1167 03c9 D8030000 		.4byte	0x3d8
 1168 03cd 09       		.uleb128 0x9
 1169 03ce 01       		.uleb128 0x1
 1170 03cf 50       		.byte	0x50
 1171 03d0 01       		.uleb128 0x1
 1172 03d1 31       		.byte	0x31
 1173 03d2 09       		.uleb128 0x9
 1174 03d3 01       		.uleb128 0x1
 1175 03d4 51       		.byte	0x51
 1176 03d5 01       		.uleb128 0x1
 1177 03d6 3A       		.byte	0x3a
 1178 03d7 00       		.byte	0
 1179 03d8 07       		.uleb128 0x7
 1180 03d9 3E010000 		.4byte	.LVL55
 1181 03dd 8B060000 		.4byte	0x68b
 1182 03e1 00       		.byte	0
 1183 03e2 0B       		.uleb128 0xb
 1184 03e3 DC010000 		.4byte	.LASF51
 1185 03e7 01       		.byte	0x1
 1186 03e8 7F       		.byte	0x7f
 1187 03e9 68000000 		.4byte	0x68
 1188 03ed 00000000 		.4byte	.LFB66
 1189 03f1 A0000000 		.4byte	.LFE66-.LFB66
 1190 03f5 01       		.uleb128 0x1
 1191 03f6 9C       		.byte	0x9c
 1192 03f7 13050000 		.4byte	0x513
 1193 03fb 07       		.uleb128 0x7
 1194 03fc 06000000 		.4byte	.LVL56
 1195 0400 A1060000 		.4byte	0x6a1
 1196 0404 07       		.uleb128 0x7
 1197 0405 0A000000 		.4byte	.LVL57
 1198 0409 AC060000 		.4byte	0x6ac
 1199 040d 07       		.uleb128 0x7
 1200 040e 0E000000 		.4byte	.LVL58
 1201 0412 B7060000 		.4byte	0x6b7
 1202 0416 07       		.uleb128 0x7
 1203 0417 12000000 		.4byte	.LVL59
 1204 041b C2060000 		.4byte	0x6c2
ARM GAS  C:\Users\Darwin\AppData\Local\Temp\ccK2BLZS.s 			page 25


 1205 041f 07       		.uleb128 0x7
 1206 0420 16000000 		.4byte	.LVL60
 1207 0424 CD060000 		.4byte	0x6cd
 1208 0428 08       		.uleb128 0x8
 1209 0429 1E000000 		.4byte	.LVL61
 1210 042d 75060000 		.4byte	0x675
 1211 0431 40040000 		.4byte	0x440
 1212 0435 09       		.uleb128 0x9
 1213 0436 01       		.uleb128 0x1
 1214 0437 50       		.byte	0x50
 1215 0438 01       		.uleb128 0x1
 1216 0439 30       		.byte	0x30
 1217 043a 09       		.uleb128 0x9
 1218 043b 01       		.uleb128 0x1
 1219 043c 51       		.byte	0x51
 1220 043d 01       		.uleb128 0x1
 1221 043e 30       		.byte	0x30
 1222 043f 00       		.byte	0
 1223 0440 08       		.uleb128 0x8
 1224 0441 24000000 		.4byte	.LVL62
 1225 0445 80060000 		.4byte	0x680
 1226 0449 57040000 		.4byte	0x457
 1227 044d 09       		.uleb128 0x9
 1228 044e 01       		.uleb128 0x1
 1229 044f 50       		.byte	0x50
 1230 0450 05       		.uleb128 0x5
 1231 0451 03       		.byte	0x3
 1232 0452 00000000 		.4byte	.LC0
 1233 0456 00       		.byte	0
 1234 0457 08       		.uleb128 0x8
 1235 0458 2C000000 		.4byte	.LVL63
 1236 045c 75060000 		.4byte	0x675
 1237 0460 6F040000 		.4byte	0x46f
 1238 0464 09       		.uleb128 0x9
 1239 0465 01       		.uleb128 0x1
 1240 0466 50       		.byte	0x50
 1241 0467 01       		.uleb128 0x1
 1242 0468 30       		.byte	0x30
 1243 0469 09       		.uleb128 0x9
 1244 046a 01       		.uleb128 0x1
 1245 046b 51       		.byte	0x51
 1246 046c 01       		.uleb128 0x1
 1247 046d 3A       		.byte	0x3a
 1248 046e 00       		.byte	0
 1249 046f 07       		.uleb128 0x7
 1250 0470 3C000000 		.4byte	.LVL64
 1251 0474 8B060000 		.4byte	0x68b
 1252 0478 07       		.uleb128 0x7
 1253 0479 4E000000 		.4byte	.LVL65
 1254 047d 8B060000 		.4byte	0x68b
 1255 0481 08       		.uleb128 0x8
 1256 0482 56000000 		.4byte	.LVL66
 1257 0486 75060000 		.4byte	0x675
 1258 048a 99040000 		.4byte	0x499
 1259 048e 09       		.uleb128 0x9
 1260 048f 01       		.uleb128 0x1
 1261 0490 50       		.byte	0x50
ARM GAS  C:\Users\Darwin\AppData\Local\Temp\ccK2BLZS.s 			page 26


 1262 0491 01       		.uleb128 0x1
 1263 0492 31       		.byte	0x31
 1264 0493 09       		.uleb128 0x9
 1265 0494 01       		.uleb128 0x1
 1266 0495 51       		.byte	0x51
 1267 0496 01       		.uleb128 0x1
 1268 0497 30       		.byte	0x30
 1269 0498 00       		.byte	0
 1270 0499 08       		.uleb128 0x8
 1271 049a 5C000000 		.4byte	.LVL67
 1272 049e 80060000 		.4byte	0x680
 1273 04a2 B0040000 		.4byte	0x4b0
 1274 04a6 09       		.uleb128 0x9
 1275 04a7 01       		.uleb128 0x1
 1276 04a8 50       		.byte	0x50
 1277 04a9 05       		.uleb128 0x5
 1278 04aa 03       		.byte	0x3
 1279 04ab 0C000000 		.4byte	.LC1
 1280 04af 00       		.byte	0
 1281 04b0 08       		.uleb128 0x8
 1282 04b1 64000000 		.4byte	.LVL68
 1283 04b5 75060000 		.4byte	0x675
 1284 04b9 C8040000 		.4byte	0x4c8
 1285 04bd 09       		.uleb128 0x9
 1286 04be 01       		.uleb128 0x1
 1287 04bf 50       		.byte	0x50
 1288 04c0 01       		.uleb128 0x1
 1289 04c1 31       		.byte	0x31
 1290 04c2 09       		.uleb128 0x9
 1291 04c3 01       		.uleb128 0x1
 1292 04c4 51       		.byte	0x51
 1293 04c5 01       		.uleb128 0x1
 1294 04c6 3A       		.byte	0x3a
 1295 04c7 00       		.byte	0
 1296 04c8 07       		.uleb128 0x7
 1297 04c9 6C000000 		.4byte	.LVL69
 1298 04cd 8B060000 		.4byte	0x68b
 1299 04d1 08       		.uleb128 0x8
 1300 04d2 74000000 		.4byte	.LVL70
 1301 04d6 D8060000 		.4byte	0x6d8
 1302 04da E8040000 		.4byte	0x4e8
 1303 04de 09       		.uleb128 0x9
 1304 04df 01       		.uleb128 0x1
 1305 04e0 50       		.byte	0x50
 1306 04e1 05       		.uleb128 0x5
 1307 04e2 03       		.byte	0x3
 1308 04e3 00000000 		.4byte	AumentarInt
 1309 04e7 00       		.byte	0
 1310 04e8 08       		.uleb128 0x8
 1311 04e9 7A000000 		.4byte	.LVL71
 1312 04ed E3060000 		.4byte	0x6e3
 1313 04f1 FF040000 		.4byte	0x4ff
 1314 04f5 09       		.uleb128 0x9
 1315 04f6 01       		.uleb128 0x1
 1316 04f7 50       		.byte	0x50
 1317 04f8 05       		.uleb128 0x5
 1318 04f9 03       		.byte	0x3
ARM GAS  C:\Users\Darwin\AppData\Local\Temp\ccK2BLZS.s 			page 27


 1319 04fa 00000000 		.4byte	DisminuirInt
 1320 04fe 00       		.byte	0
 1321 04ff 0C       		.uleb128 0xc
 1322 0500 80000000 		.4byte	.LVL72
 1323 0504 EE060000 		.4byte	0x6ee
 1324 0508 09       		.uleb128 0x9
 1325 0509 01       		.uleb128 0x1
 1326 050a 50       		.byte	0x50
 1327 050b 05       		.uleb128 0x5
 1328 050c 03       		.byte	0x3
 1329 050d 00000000 		.4byte	Muestreo
 1330 0511 00       		.byte	0
 1331 0512 00       		.byte	0
 1332 0513 0D       		.uleb128 0xd
 1333 0514 79010000 		.4byte	.LASF21
 1334 0518 05       		.byte	0x5
 1335 0519 1207     		.2byte	0x712
 1336 051b 1F050000 		.4byte	0x51f
 1337 051f 0E       		.uleb128 0xe
 1338 0520 76000000 		.4byte	0x76
 1339 0524 0F       		.uleb128 0xf
 1340 0525 547300   		.ascii	"Ts\000"
 1341 0528 01       		.byte	0x1
 1342 0529 0F       		.byte	0xf
 1343 052a 99000000 		.4byte	0x99
 1344 052e 05       		.uleb128 0x5
 1345 052f 03       		.byte	0x3
 1346 0530 00000000 		.4byte	Ts
 1347 0534 10       		.uleb128 0x10
 1348 0535 0D020000 		.4byte	.LASF22
 1349 0539 01       		.byte	0x1
 1350 053a 10       		.byte	0x10
 1351 053b 8D000000 		.4byte	0x8d
 1352 053f 05       		.uleb128 0x5
 1353 0540 03       		.byte	0x3
 1354 0541 00000000 		.4byte	control_manual
 1355 0545 10       		.uleb128 0x10
 1356 0546 10010000 		.4byte	.LASF23
 1357 054a 01       		.byte	0x1
 1358 054b 11       		.byte	0x11
 1359 054c 8D000000 		.4byte	0x8d
 1360 0550 05       		.uleb128 0x5
 1361 0551 03       		.byte	0x3
 1362 0552 00000000 		.4byte	control_auto
 1363 0556 10       		.uleb128 0x10
 1364 0557 4C000000 		.4byte	.LASF24
 1365 055b 01       		.byte	0x1
 1366 055c 12       		.byte	0x12
 1367 055d 67050000 		.4byte	0x567
 1368 0561 05       		.uleb128 0x5
 1369 0562 03       		.byte	0x3
 1370 0563 00000000 		.4byte	control_anterior
 1371 0567 0E       		.uleb128 0xe
 1372 0568 99000000 		.4byte	0x99
 1373 056c 10       		.uleb128 0x10
 1374 056d 4B030000 		.4byte	.LASF25
 1375 0571 01       		.byte	0x1
ARM GAS  C:\Users\Darwin\AppData\Local\Temp\ccK2BLZS.s 			page 28


 1376 0572 13       		.byte	0x13
 1377 0573 68000000 		.4byte	0x68
 1378 0577 05       		.uleb128 0x5
 1379 0578 03       		.byte	0x3
 1380 0579 00000000 		.4byte	angulo
 1381 057d 10       		.uleb128 0x10
 1382 057e B7020000 		.4byte	.LASF26
 1383 0582 01       		.byte	0x1
 1384 0583 14       		.byte	0x14
 1385 0584 68000000 		.4byte	0x68
 1386 0588 05       		.uleb128 0x5
 1387 0589 03       		.byte	0x3
 1388 058a 00000000 		.4byte	ref_angulo
 1389 058e 10       		.uleb128 0x10
 1390 058f 48010000 		.4byte	.LASF27
 1391 0593 01       		.byte	0x1
 1392 0594 16       		.byte	0x16
 1393 0595 8D000000 		.4byte	0x8d
 1394 0599 05       		.uleb128 0x5
 1395 059a 03       		.byte	0x3
 1396 059b 00000000 		.4byte	control
 1397 059f 10       		.uleb128 0x10
 1398 05a0 1A000000 		.4byte	.LASF28
 1399 05a4 01       		.byte	0x1
 1400 05a5 18       		.byte	0x18
 1401 05a6 99000000 		.4byte	0x99
 1402 05aa 05       		.uleb128 0x5
 1403 05ab 03       		.byte	0x3
 1404 05ac 00000000 		.4byte	radio
 1405 05b0 0F       		.uleb128 0xf
 1406 05b1 506B5000 		.ascii	"PkP\000"
 1407 05b5 01       		.byte	0x1
 1408 05b6 19       		.byte	0x19
 1409 05b7 99000000 		.4byte	0x99
 1410 05bb 05       		.uleb128 0x5
 1411 05bc 03       		.byte	0x3
 1412 05bd 00000000 		.4byte	PkP
 1413 05c1 0F       		.uleb128 0xf
 1414 05c2 506B4900 		.ascii	"PkI\000"
 1415 05c6 01       		.byte	0x1
 1416 05c7 1A       		.byte	0x1a
 1417 05c8 99000000 		.4byte	0x99
 1418 05cc 05       		.uleb128 0x5
 1419 05cd 03       		.byte	0x3
 1420 05ce 00000000 		.4byte	PkI
 1421 05d2 0F       		.uleb128 0xf
 1422 05d3 506B4400 		.ascii	"PkD\000"
 1423 05d7 01       		.byte	0x1
 1424 05d8 1B       		.byte	0x1b
 1425 05d9 99000000 		.4byte	0x99
 1426 05dd 05       		.uleb128 0x5
 1427 05de 03       		.byte	0x3
 1428 05df 00000000 		.4byte	PkD
 1429 05e3 10       		.uleb128 0x10
 1430 05e4 D3020000 		.4byte	.LASF29
 1431 05e8 01       		.byte	0x1
 1432 05e9 1C       		.byte	0x1c
ARM GAS  C:\Users\Darwin\AppData\Local\Temp\ccK2BLZS.s 			page 29


 1433 05ea 67050000 		.4byte	0x567
 1434 05ee 05       		.uleb128 0x5
 1435 05ef 03       		.byte	0x3
 1436 05f0 00000000 		.4byte	error
 1437 05f4 10       		.uleb128 0x10
 1438 05f5 BA010000 		.4byte	.LASF30
 1439 05f9 01       		.byte	0x1
 1440 05fa 1C       		.byte	0x1c
 1441 05fb 67050000 		.4byte	0x567
 1442 05ff 05       		.uleb128 0x5
 1443 0600 03       		.byte	0x3
 1444 0601 00000000 		.4byte	error_anterior
 1445 0605 0F       		.uleb128 0xf
 1446 0606 506B7000 		.ascii	"Pkp\000"
 1447 060a 01       		.byte	0x1
 1448 060b 1D       		.byte	0x1d
 1449 060c 67050000 		.4byte	0x567
 1450 0610 05       		.uleb128 0x5
 1451 0611 03       		.byte	0x3
 1452 0612 00000000 		.4byte	Pkp
 1453 0616 0F       		.uleb128 0xf
 1454 0617 506B6900 		.ascii	"Pki\000"
 1455 061b 01       		.byte	0x1
 1456 061c 1D       		.byte	0x1d
 1457 061d 67050000 		.4byte	0x567
 1458 0621 05       		.uleb128 0x5
 1459 0622 03       		.byte	0x3
 1460 0623 00000000 		.4byte	Pki
 1461 0627 0F       		.uleb128 0xf
 1462 0628 506B6400 		.ascii	"Pkd\000"
 1463 062c 01       		.byte	0x1
 1464 062d 1D       		.byte	0x1d
 1465 062e 67050000 		.4byte	0x567
 1466 0632 05       		.uleb128 0x5
 1467 0633 03       		.byte	0x3
 1468 0634 00000000 		.4byte	Pkd
 1469 0638 10       		.uleb128 0x10
 1470 0639 97020000 		.4byte	.LASF31
 1471 063d 01       		.byte	0x1
 1472 063e 1E       		.byte	0x1e
 1473 063f 67050000 		.4byte	0x567
 1474 0643 05       		.uleb128 0x5
 1475 0644 03       		.byte	0x3
 1476 0645 00000000 		.4byte	Pki_anterior
 1477 0649 11       		.uleb128 0x11
 1478 064a 50010000 		.4byte	.LASF32
 1479 064e 50010000 		.4byte	.LASF32
 1480 0652 06       		.byte	0x6
 1481 0653 C3       		.byte	0xc3
 1482 0654 11       		.uleb128 0x11
 1483 0655 0A000000 		.4byte	.LASF33
 1484 0659 0A000000 		.4byte	.LASF33
 1485 065d 07       		.byte	0x7
 1486 065e 26       		.byte	0x26
 1487 065f 11       		.uleb128 0x11
 1488 0660 00000000 		.4byte	.LASF34
 1489 0664 00000000 		.4byte	.LASF34
ARM GAS  C:\Users\Darwin\AppData\Local\Temp\ccK2BLZS.s 			page 30


 1490 0668 08       		.byte	0x8
 1491 0669 26       		.byte	0x26
 1492 066a 11       		.uleb128 0x11
 1493 066b F3020000 		.4byte	.LASF35
 1494 066f F3020000 		.4byte	.LASF35
 1495 0673 09       		.byte	0x9
 1496 0674 3A       		.byte	0x3a
 1497 0675 11       		.uleb128 0x11
 1498 0676 3E030000 		.4byte	.LASF36
 1499 067a 3E030000 		.4byte	.LASF36
 1500 067e 09       		.byte	0x9
 1501 067f 3D       		.byte	0x3d
 1502 0680 11       		.uleb128 0x11
 1503 0681 EA010000 		.4byte	.LASF37
 1504 0685 EA010000 		.4byte	.LASF37
 1505 0689 09       		.byte	0x9
 1506 068a 3C       		.byte	0x3c
 1507 068b 11       		.uleb128 0x11
 1508 068c A4020000 		.4byte	.LASF38
 1509 0690 A4020000 		.4byte	.LASF38
 1510 0694 09       		.byte	0x9
 1511 0695 61       		.byte	0x61
 1512 0696 11       		.uleb128 0x11
 1513 0697 FA010000 		.4byte	.LASF39
 1514 069b FA010000 		.4byte	.LASF39
 1515 069f 0A       		.byte	0xa
 1516 06a0 4E       		.byte	0x4e
 1517 06a1 11       		.uleb128 0x11
 1518 06a2 AA010000 		.4byte	.LASF40
 1519 06a6 AA010000 		.4byte	.LASF40
 1520 06aa 06       		.byte	0x6
 1521 06ab 92       		.byte	0x92
 1522 06ac 11       		.uleb128 0x11
 1523 06ad 63000000 		.4byte	.LASF41
 1524 06b1 63000000 		.4byte	.LASF41
 1525 06b5 09       		.byte	0x9
 1526 06b6 38       		.byte	0x38
 1527 06b7 11       		.uleb128 0x11
 1528 06b8 67010000 		.4byte	.LASF42
 1529 06bc 67010000 		.4byte	.LASF42
 1530 06c0 0B       		.byte	0xb
 1531 06c1 27       		.byte	0x27
 1532 06c2 11       		.uleb128 0x11
 1533 06c3 3E000000 		.4byte	.LASF43
 1534 06c7 3E000000 		.4byte	.LASF43
 1535 06cb 0A       		.byte	0xa
 1536 06cc 48       		.byte	0x48
 1537 06cd 11       		.uleb128 0x11
 1538 06ce 67020000 		.4byte	.LASF44
 1539 06d2 67020000 		.4byte	.LASF44
 1540 06d6 0C       		.byte	0xc
 1541 06d7 5A       		.byte	0x5a
 1542 06d8 11       		.uleb128 0x11
 1543 06d9 6D000000 		.4byte	.LASF45
 1544 06dd 6D000000 		.4byte	.LASF45
 1545 06e1 0D       		.byte	0xd
 1546 06e2 18       		.byte	0x18
ARM GAS  C:\Users\Darwin\AppData\Local\Temp\ccK2BLZS.s 			page 31


 1547 06e3 11       		.uleb128 0x11
 1548 06e4 86010000 		.4byte	.LASF46
 1549 06e8 86010000 		.4byte	.LASF46
 1550 06ec 0E       		.byte	0xe
 1551 06ed 18       		.byte	0x18
 1552 06ee 11       		.uleb128 0x11
 1553 06ef 0E030000 		.4byte	.LASF47
 1554 06f3 0E030000 		.4byte	.LASF47
 1555 06f7 0F       		.byte	0xf
 1556 06f8 18       		.byte	0x18
 1557 06f9 00       		.byte	0
 1558              		.section	.debug_abbrev,"",%progbits
 1559              	.Ldebug_abbrev0:
 1560 0000 01       		.uleb128 0x1
 1561 0001 11       		.uleb128 0x11
 1562 0002 01       		.byte	0x1
 1563 0003 25       		.uleb128 0x25
 1564 0004 0E       		.uleb128 0xe
 1565 0005 13       		.uleb128 0x13
 1566 0006 0B       		.uleb128 0xb
 1567 0007 03       		.uleb128 0x3
 1568 0008 0E       		.uleb128 0xe
 1569 0009 1B       		.uleb128 0x1b
 1570 000a 0E       		.uleb128 0xe
 1571 000b 55       		.uleb128 0x55
 1572 000c 17       		.uleb128 0x17
 1573 000d 11       		.uleb128 0x11
 1574 000e 01       		.uleb128 0x1
 1575 000f 10       		.uleb128 0x10
 1576 0010 17       		.uleb128 0x17
 1577 0011 00       		.byte	0
 1578 0012 00       		.byte	0
 1579 0013 02       		.uleb128 0x2
 1580 0014 24       		.uleb128 0x24
 1581 0015 00       		.byte	0
 1582 0016 0B       		.uleb128 0xb
 1583 0017 0B       		.uleb128 0xb
 1584 0018 3E       		.uleb128 0x3e
 1585 0019 0B       		.uleb128 0xb
 1586 001a 03       		.uleb128 0x3
 1587 001b 0E       		.uleb128 0xe
 1588 001c 00       		.byte	0
 1589 001d 00       		.byte	0
 1590 001e 03       		.uleb128 0x3
 1591 001f 16       		.uleb128 0x16
 1592 0020 00       		.byte	0
 1593 0021 03       		.uleb128 0x3
 1594 0022 0E       		.uleb128 0xe
 1595 0023 3A       		.uleb128 0x3a
 1596 0024 0B       		.uleb128 0xb
 1597 0025 3B       		.uleb128 0x3b
 1598 0026 0B       		.uleb128 0xb
 1599 0027 49       		.uleb128 0x49
 1600 0028 13       		.uleb128 0x13
 1601 0029 00       		.byte	0
 1602 002a 00       		.byte	0
 1603 002b 04       		.uleb128 0x4
ARM GAS  C:\Users\Darwin\AppData\Local\Temp\ccK2BLZS.s 			page 32


 1604 002c 24       		.uleb128 0x24
 1605 002d 00       		.byte	0
 1606 002e 0B       		.uleb128 0xb
 1607 002f 0B       		.uleb128 0xb
 1608 0030 3E       		.uleb128 0x3e
 1609 0031 0B       		.uleb128 0xb
 1610 0032 03       		.uleb128 0x3
 1611 0033 08       		.uleb128 0x8
 1612 0034 00       		.byte	0
 1613 0035 00       		.byte	0
 1614 0036 05       		.uleb128 0x5
 1615 0037 16       		.uleb128 0x16
 1616 0038 00       		.byte	0
 1617 0039 03       		.uleb128 0x3
 1618 003a 0E       		.uleb128 0xe
 1619 003b 3A       		.uleb128 0x3a
 1620 003c 0B       		.uleb128 0xb
 1621 003d 3B       		.uleb128 0x3b
 1622 003e 05       		.uleb128 0x5
 1623 003f 49       		.uleb128 0x49
 1624 0040 13       		.uleb128 0x13
 1625 0041 00       		.byte	0
 1626 0042 00       		.byte	0
 1627 0043 06       		.uleb128 0x6
 1628 0044 2E       		.uleb128 0x2e
 1629 0045 01       		.byte	0x1
 1630 0046 3F       		.uleb128 0x3f
 1631 0047 19       		.uleb128 0x19
 1632 0048 03       		.uleb128 0x3
 1633 0049 0E       		.uleb128 0xe
 1634 004a 3A       		.uleb128 0x3a
 1635 004b 0B       		.uleb128 0xb
 1636 004c 3B       		.uleb128 0x3b
 1637 004d 0B       		.uleb128 0xb
 1638 004e 27       		.uleb128 0x27
 1639 004f 19       		.uleb128 0x19
 1640 0050 11       		.uleb128 0x11
 1641 0051 01       		.uleb128 0x1
 1642 0052 12       		.uleb128 0x12
 1643 0053 06       		.uleb128 0x6
 1644 0054 40       		.uleb128 0x40
 1645 0055 18       		.uleb128 0x18
 1646 0056 9742     		.uleb128 0x2117
 1647 0058 19       		.uleb128 0x19
 1648 0059 01       		.uleb128 0x1
 1649 005a 13       		.uleb128 0x13
 1650 005b 00       		.byte	0
 1651 005c 00       		.byte	0
 1652 005d 07       		.uleb128 0x7
 1653 005e 898201   		.uleb128 0x4109
 1654 0061 00       		.byte	0
 1655 0062 11       		.uleb128 0x11
 1656 0063 01       		.uleb128 0x1
 1657 0064 31       		.uleb128 0x31
 1658 0065 13       		.uleb128 0x13
 1659 0066 00       		.byte	0
 1660 0067 00       		.byte	0
ARM GAS  C:\Users\Darwin\AppData\Local\Temp\ccK2BLZS.s 			page 33


 1661 0068 08       		.uleb128 0x8
 1662 0069 898201   		.uleb128 0x4109
 1663 006c 01       		.byte	0x1
 1664 006d 11       		.uleb128 0x11
 1665 006e 01       		.uleb128 0x1
 1666 006f 31       		.uleb128 0x31
 1667 0070 13       		.uleb128 0x13
 1668 0071 01       		.uleb128 0x1
 1669 0072 13       		.uleb128 0x13
 1670 0073 00       		.byte	0
 1671 0074 00       		.byte	0
 1672 0075 09       		.uleb128 0x9
 1673 0076 8A8201   		.uleb128 0x410a
 1674 0079 00       		.byte	0
 1675 007a 02       		.uleb128 0x2
 1676 007b 18       		.uleb128 0x18
 1677 007c 9142     		.uleb128 0x2111
 1678 007e 18       		.uleb128 0x18
 1679 007f 00       		.byte	0
 1680 0080 00       		.byte	0
 1681 0081 0A       		.uleb128 0xa
 1682 0082 2E       		.uleb128 0x2e
 1683 0083 01       		.byte	0x1
 1684 0084 3F       		.uleb128 0x3f
 1685 0085 19       		.uleb128 0x19
 1686 0086 03       		.uleb128 0x3
 1687 0087 0E       		.uleb128 0xe
 1688 0088 3A       		.uleb128 0x3a
 1689 0089 0B       		.uleb128 0xb
 1690 008a 3B       		.uleb128 0x3b
 1691 008b 0B       		.uleb128 0xb
 1692 008c 27       		.uleb128 0x27
 1693 008d 19       		.uleb128 0x19
 1694 008e 11       		.uleb128 0x11
 1695 008f 01       		.uleb128 0x1
 1696 0090 12       		.uleb128 0x12
 1697 0091 06       		.uleb128 0x6
 1698 0092 40       		.uleb128 0x40
 1699 0093 18       		.uleb128 0x18
 1700 0094 9642     		.uleb128 0x2116
 1701 0096 19       		.uleb128 0x19
 1702 0097 01       		.uleb128 0x1
 1703 0098 13       		.uleb128 0x13
 1704 0099 00       		.byte	0
 1705 009a 00       		.byte	0
 1706 009b 0B       		.uleb128 0xb
 1707 009c 2E       		.uleb128 0x2e
 1708 009d 01       		.byte	0x1
 1709 009e 3F       		.uleb128 0x3f
 1710 009f 19       		.uleb128 0x19
 1711 00a0 03       		.uleb128 0x3
 1712 00a1 0E       		.uleb128 0xe
 1713 00a2 3A       		.uleb128 0x3a
 1714 00a3 0B       		.uleb128 0xb
 1715 00a4 3B       		.uleb128 0x3b
 1716 00a5 0B       		.uleb128 0xb
 1717 00a6 27       		.uleb128 0x27
ARM GAS  C:\Users\Darwin\AppData\Local\Temp\ccK2BLZS.s 			page 34


 1718 00a7 19       		.uleb128 0x19
 1719 00a8 49       		.uleb128 0x49
 1720 00a9 13       		.uleb128 0x13
 1721 00aa 8701     		.uleb128 0x87
 1722 00ac 19       		.uleb128 0x19
 1723 00ad 11       		.uleb128 0x11
 1724 00ae 01       		.uleb128 0x1
 1725 00af 12       		.uleb128 0x12
 1726 00b0 06       		.uleb128 0x6
 1727 00b1 40       		.uleb128 0x40
 1728 00b2 18       		.uleb128 0x18
 1729 00b3 9742     		.uleb128 0x2117
 1730 00b5 19       		.uleb128 0x19
 1731 00b6 01       		.uleb128 0x1
 1732 00b7 13       		.uleb128 0x13
 1733 00b8 00       		.byte	0
 1734 00b9 00       		.byte	0
 1735 00ba 0C       		.uleb128 0xc
 1736 00bb 898201   		.uleb128 0x4109
 1737 00be 01       		.byte	0x1
 1738 00bf 11       		.uleb128 0x11
 1739 00c0 01       		.uleb128 0x1
 1740 00c1 31       		.uleb128 0x31
 1741 00c2 13       		.uleb128 0x13
 1742 00c3 00       		.byte	0
 1743 00c4 00       		.byte	0
 1744 00c5 0D       		.uleb128 0xd
 1745 00c6 34       		.uleb128 0x34
 1746 00c7 00       		.byte	0
 1747 00c8 03       		.uleb128 0x3
 1748 00c9 0E       		.uleb128 0xe
 1749 00ca 3A       		.uleb128 0x3a
 1750 00cb 0B       		.uleb128 0xb
 1751 00cc 3B       		.uleb128 0x3b
 1752 00cd 05       		.uleb128 0x5
 1753 00ce 49       		.uleb128 0x49
 1754 00cf 13       		.uleb128 0x13
 1755 00d0 3F       		.uleb128 0x3f
 1756 00d1 19       		.uleb128 0x19
 1757 00d2 3C       		.uleb128 0x3c
 1758 00d3 19       		.uleb128 0x19
 1759 00d4 00       		.byte	0
 1760 00d5 00       		.byte	0
 1761 00d6 0E       		.uleb128 0xe
 1762 00d7 35       		.uleb128 0x35
 1763 00d8 00       		.byte	0
 1764 00d9 49       		.uleb128 0x49
 1765 00da 13       		.uleb128 0x13
 1766 00db 00       		.byte	0
 1767 00dc 00       		.byte	0
 1768 00dd 0F       		.uleb128 0xf
 1769 00de 34       		.uleb128 0x34
 1770 00df 00       		.byte	0
 1771 00e0 03       		.uleb128 0x3
 1772 00e1 08       		.uleb128 0x8
 1773 00e2 3A       		.uleb128 0x3a
 1774 00e3 0B       		.uleb128 0xb
ARM GAS  C:\Users\Darwin\AppData\Local\Temp\ccK2BLZS.s 			page 35


 1775 00e4 3B       		.uleb128 0x3b
 1776 00e5 0B       		.uleb128 0xb
 1777 00e6 49       		.uleb128 0x49
 1778 00e7 13       		.uleb128 0x13
 1779 00e8 3F       		.uleb128 0x3f
 1780 00e9 19       		.uleb128 0x19
 1781 00ea 02       		.uleb128 0x2
 1782 00eb 18       		.uleb128 0x18
 1783 00ec 00       		.byte	0
 1784 00ed 00       		.byte	0
 1785 00ee 10       		.uleb128 0x10
 1786 00ef 34       		.uleb128 0x34
 1787 00f0 00       		.byte	0
 1788 00f1 03       		.uleb128 0x3
 1789 00f2 0E       		.uleb128 0xe
 1790 00f3 3A       		.uleb128 0x3a
 1791 00f4 0B       		.uleb128 0xb
 1792 00f5 3B       		.uleb128 0x3b
 1793 00f6 0B       		.uleb128 0xb
 1794 00f7 49       		.uleb128 0x49
 1795 00f8 13       		.uleb128 0x13
 1796 00f9 3F       		.uleb128 0x3f
 1797 00fa 19       		.uleb128 0x19
 1798 00fb 02       		.uleb128 0x2
 1799 00fc 18       		.uleb128 0x18
 1800 00fd 00       		.byte	0
 1801 00fe 00       		.byte	0
 1802 00ff 11       		.uleb128 0x11
 1803 0100 2E       		.uleb128 0x2e
 1804 0101 00       		.byte	0
 1805 0102 3F       		.uleb128 0x3f
 1806 0103 19       		.uleb128 0x19
 1807 0104 3C       		.uleb128 0x3c
 1808 0105 19       		.uleb128 0x19
 1809 0106 6E       		.uleb128 0x6e
 1810 0107 0E       		.uleb128 0xe
 1811 0108 03       		.uleb128 0x3
 1812 0109 0E       		.uleb128 0xe
 1813 010a 3A       		.uleb128 0x3a
 1814 010b 0B       		.uleb128 0xb
 1815 010c 3B       		.uleb128 0x3b
 1816 010d 0B       		.uleb128 0xb
 1817 010e 00       		.byte	0
 1818 010f 00       		.byte	0
 1819 0110 00       		.byte	0
 1820              		.section	.debug_aranges,"",%progbits
 1821 0000 34000000 		.4byte	0x34
 1822 0004 0200     		.2byte	0x2
 1823 0006 00000000 		.4byte	.Ldebug_info0
 1824 000a 04       		.byte	0x4
 1825 000b 00       		.byte	0
 1826 000c 0000     		.2byte	0
 1827 000e 0000     		.2byte	0
 1828 0010 00000000 		.4byte	.LFB63
 1829 0014 80000000 		.4byte	.LFE63-.LFB63
 1830 0018 00000000 		.4byte	.LFB64
 1831 001c 80000000 		.4byte	.LFE64-.LFB64
ARM GAS  C:\Users\Darwin\AppData\Local\Temp\ccK2BLZS.s 			page 36


 1832 0020 00000000 		.4byte	.LFB65
 1833 0024 68010000 		.4byte	.LFE65-.LFB65
 1834 0028 00000000 		.4byte	.LFB66
 1835 002c A0000000 		.4byte	.LFE66-.LFB66
 1836 0030 00000000 		.4byte	0
 1837 0034 00000000 		.4byte	0
 1838              		.section	.debug_ranges,"",%progbits
 1839              	.Ldebug_ranges0:
 1840 0000 00000000 		.4byte	.LFB63
 1841 0004 80000000 		.4byte	.LFE63
 1842 0008 00000000 		.4byte	.LFB64
 1843 000c 80000000 		.4byte	.LFE64
 1844 0010 00000000 		.4byte	.LFB65
 1845 0014 68010000 		.4byte	.LFE65
 1846 0018 00000000 		.4byte	.LFB66
 1847 001c A0000000 		.4byte	.LFE66
 1848 0020 00000000 		.4byte	0
 1849 0024 00000000 		.4byte	0
 1850              		.section	.debug_line,"",%progbits
 1851              	.Ldebug_line0:
 1852 0000 83020000 		.section	.debug_str,"MS",%progbits,1
 1852      0200D601 
 1852      00000201 
 1852      FB0E0D00 
 1852      01010101 
 1853              	.LASF34:
 1854 0000 4C45445F 		.ascii	"LED_Write\000"
 1854      57726974 
 1854      6500
 1855              	.LASF33:
 1856 000a 52657365 		.ascii	"Reset_PWM_Write\000"
 1856      745F5057 
 1856      4D5F5772 
 1856      69746500 
 1857              	.LASF28:
 1858 001a 72616469 		.ascii	"radio\000"
 1858      6F00
 1859              	.LASF9:
 1860 0020 5F5F696E 		.ascii	"__int32_t\000"
 1860      7433325F 
 1860      7400
 1861              	.LASF19:
 1862 002a 4469736D 		.ascii	"DisminuirInt\000"
 1862      696E7569 
 1862      72496E74 
 1862      00
 1863              	.LASF14:
 1864 0037 646F7562 		.ascii	"double\000"
 1864      6C6500
 1865              	.LASF43:
 1866 003e 51756164 		.ascii	"QuadDec_Start\000"
 1866      4465635F 
 1866      53746172 
 1866      7400
 1867              	.LASF24:
 1868 004c 636F6E74 		.ascii	"control_anterior\000"
 1868      726F6C5F 
ARM GAS  C:\Users\Darwin\AppData\Local\Temp\ccK2BLZS.s 			page 37


 1868      616E7465 
 1868      72696F72 
 1868      00
 1869              	.LASF13:
 1870 005d 666C6F61 		.ascii	"float\000"
 1870      7400
 1871              	.LASF41:
 1872 0063 4C43445F 		.ascii	"LCD_Start\000"
 1872      53746172 
 1872      7400
 1873              	.LASF45:
 1874 006d 6973725F 		.ascii	"isr_Aumentar_StartEx\000"
 1874      41756D65 
 1874      6E746172 
 1874      5F537461 
 1874      72744578 
 1875              	.LASF48:
 1876 0082 474E5520 		.ascii	"GNU C11 5.4.1 20160609 (release) [ARM/embedded-5-br"
 1876      43313120 
 1876      352E342E 
 1876      31203230 
 1876      31363036 
 1877 00b5 616E6368 		.ascii	"anch revision 237715] -mcpu=cortex-m3 -mthumb -g -O"
 1877      20726576 
 1877      6973696F 
 1877      6E203233 
 1877      37373135 
 1878 00e8 67202D66 		.ascii	"g -ffunction-sections -ffat-lto-objects\000"
 1878      66756E63 
 1878      74696F6E 
 1878      2D736563 
 1878      74696F6E 
 1879              	.LASF23:
 1880 0110 636F6E74 		.ascii	"control_auto\000"
 1880      726F6C5F 
 1880      6175746F 
 1880      00
 1881              	.LASF12:
 1882 011d 696E7431 		.ascii	"int16\000"
 1882      3600
 1883              	.LASF5:
 1884 0123 6C6F6E67 		.ascii	"long unsigned int\000"
 1884      20756E73 
 1884      69676E65 
 1884      6420696E 
 1884      7400
 1885              	.LASF3:
 1886 0135 73686F72 		.ascii	"short unsigned int\000"
 1886      7420756E 
 1886      7369676E 
 1886      65642069 
 1886      6E7400
 1887              	.LASF27:
 1888 0148 636F6E74 		.ascii	"control\000"
 1888      726F6C00 
 1889              	.LASF32:
 1890 0150 50574D5F 		.ascii	"PWM_Motor_WriteCompare\000"
ARM GAS  C:\Users\Darwin\AppData\Local\Temp\ccK2BLZS.s 			page 38


 1890      4D6F746F 
 1890      725F5772 
 1890      69746543 
 1890      6F6D7061 
 1891              	.LASF42:
 1892 0167 74696D65 		.ascii	"timer_clock_Start\000"
 1892      725F636C 
 1892      6F636B5F 
 1892      53746172 
 1892      7400
 1893              	.LASF21:
 1894 0179 49544D5F 		.ascii	"ITM_RxBuffer\000"
 1894      52784275 
 1894      66666572 
 1894      00
 1895              	.LASF46:
 1896 0186 6973725F 		.ascii	"isr_Disminuir_StartEx\000"
 1896      4469736D 
 1896      696E7569 
 1896      725F5374 
 1896      61727445 
 1897              	.LASF1:
 1898 019c 756E7369 		.ascii	"unsigned char\000"
 1898      676E6564 
 1898      20636861 
 1898      7200
 1899              	.LASF40:
 1900 01aa 50574D5F 		.ascii	"PWM_Motor_Start\000"
 1900      4D6F746F 
 1900      725F5374 
 1900      61727400 
 1901              	.LASF30:
 1902 01ba 6572726F 		.ascii	"error_anterior\000"
 1902      725F616E 
 1902      74657269 
 1902      6F7200
 1903              	.LASF11:
 1904 01c9 75696E74 		.ascii	"uint16\000"
 1904      313600
 1905              	.LASF18:
 1906 01d0 41756D65 		.ascii	"AumentarInt\000"
 1906      6E746172 
 1906      496E7400 
 1907              	.LASF51:
 1908 01dc 6D61696E 		.ascii	"main\000"
 1908      00
 1909              	.LASF20:
 1910 01e1 4D756573 		.ascii	"Muestreo\000"
 1910      7472656F 
 1910      00
 1911              	.LASF37:
 1912 01ea 4C43445F 		.ascii	"LCD_PrintString\000"
 1912      5072696E 
 1912      74537472 
 1912      696E6700 
 1913              	.LASF39:
 1914 01fa 51756164 		.ascii	"QuadDec_GetCounter\000"
ARM GAS  C:\Users\Darwin\AppData\Local\Temp\ccK2BLZS.s 			page 39


 1914      4465635F 
 1914      47657443 
 1914      6F756E74 
 1914      657200
 1915              	.LASF22:
 1916 020d 636F6E74 		.ascii	"control_manual\000"
 1916      726F6C5F 
 1916      6D616E75 
 1916      616C00
 1917              	.LASF50:
 1918 021c 433A5C55 		.ascii	"C:\\Users\\Darwin\\Documents\\git\\control_heli_pso"
 1918      73657273 
 1918      5C446172 
 1918      77696E5C 
 1918      446F6375 
 1919 024a 635C576F 		.ascii	"c\\Workspace01\\Design01.cydsn\000"
 1919      726B7370 
 1919      61636530 
 1919      315C4465 
 1919      7369676E 
 1920              	.LASF44:
 1921 0267 54696D65 		.ascii	"Timer_Start\000"
 1921      725F5374 
 1921      61727400 
 1922              	.LASF8:
 1923 0273 756E7369 		.ascii	"unsigned int\000"
 1923      676E6564 
 1923      20696E74 
 1923      00
 1924              	.LASF7:
 1925 0280 6C6F6E67 		.ascii	"long long unsigned int\000"
 1925      206C6F6E 
 1925      6720756E 
 1925      7369676E 
 1925      65642069 
 1926              	.LASF31:
 1927 0297 506B695F 		.ascii	"Pki_anterior\000"
 1927      616E7465 
 1927      72696F72 
 1927      00
 1928              	.LASF38:
 1929 02a4 4C43445F 		.ascii	"LCD_PrintU32Number\000"
 1929      5072696E 
 1929      74553332 
 1929      4E756D62 
 1929      657200
 1930              	.LASF26:
 1931 02b7 7265665F 		.ascii	"ref_angulo\000"
 1931      616E6775 
 1931      6C6F00
 1932              	.LASF10:
 1933 02c2 696E7433 		.ascii	"int32_t\000"
 1933      325F7400 
 1934              	.LASF17:
 1935 02ca 73697A65 		.ascii	"sizetype\000"
 1935      74797065 
 1935      00
ARM GAS  C:\Users\Darwin\AppData\Local\Temp\ccK2BLZS.s 			page 40


 1936              	.LASF29:
 1937 02d3 6572726F 		.ascii	"error\000"
 1937      7200
 1938              	.LASF6:
 1939 02d9 6C6F6E67 		.ascii	"long long int\000"
 1939      206C6F6E 
 1939      6720696E 
 1939      7400
 1940              	.LASF49:
 1941 02e7 6D61696E 		.ascii	"main.c\000"
 1941      2E6300
 1942              	.LASF15:
 1943 02ee 63686172 		.ascii	"char\000"
 1943      00
 1944              	.LASF35:
 1945 02f3 4C43445F 		.ascii	"LCD_WriteControl\000"
 1945      57726974 
 1945      65436F6E 
 1945      74726F6C 
 1945      00
 1946              	.LASF2:
 1947 0304 73686F72 		.ascii	"short int\000"
 1947      7420696E 
 1947      7400
 1948              	.LASF47:
 1949 030e 6973725F 		.ascii	"isr_Ts_StartEx\000"
 1949      54735F53 
 1949      74617274 
 1949      457800
 1950              	.LASF4:
 1951 031d 6C6F6E67 		.ascii	"long int\000"
 1951      20696E74 
 1951      00
 1952              	.LASF16:
 1953 0326 6C6F6E67 		.ascii	"long double\000"
 1953      20646F75 
 1953      626C6500 
 1954              	.LASF0:
 1955 0332 7369676E 		.ascii	"signed char\000"
 1955      65642063 
 1955      68617200 
 1956              	.LASF36:
 1957 033e 4C43445F 		.ascii	"LCD_Position\000"
 1957      506F7369 
 1957      74696F6E 
 1957      00
 1958              	.LASF25:
 1959 034b 616E6775 		.ascii	"angulo\000"
 1959      6C6F00
 1960              		.ident	"GCC: (GNU Tools for ARM Embedded Processors) 5.4.1 20160609 (release) [ARM/embedded-5-bran
